{"meta": {"format": 3, "version": "7.10.7", "timestamp": "2025-10-20T16:42:30.386682", "branch_coverage": false, "show_contexts": false}, "files": {"app/__init__.py": {"executed_lines": [1], "summary": {"covered_lines": 0, "num_statements": 0, "percent_covered": 100.0, "percent_covered_display": "100", "missing_lines": 0, "excluded_lines": 0}, "missing_lines": [], "excluded_lines": [], "functions": {"": {"executed_lines": [], "summary": {"covered_lines": 0, "num_statements": 0, "percent_covered": 100.0, "percent_covered_display": "100", "missing_lines": 0, "excluded_lines": 0}, "missing_lines": [], "excluded_lines": []}}, "classes": {"": {"executed_lines": [], "summary": {"covered_lines": 0, "num_statements": 0, "percent_covered": 100.0, "percent_covered_display": "100", "missing_lines": 0, "excluded_lines": 0}, "missing_lines": [], "excluded_lines": []}}}, "app/api/__init__.py": {"executed_lines": [1], "summary": {"covered_lines": 0, "num_statements": 0, "percent_covered": 100.0, "percent_covered_display": "100", "missing_lines": 0, "excluded_lines": 0}, "missing_lines": [], "excluded_lines": [], "functions": {"": {"executed_lines": [], "summary": {"covered_lines": 0, "num_statements": 0, "percent_covered": 100.0, "percent_covered_display": "100", "missing_lines": 0, "excluded_lines": 0}, "missing_lines": [], "excluded_lines": []}}, "classes": {"": {"executed_lines": [], "summary": {"covered_lines": 0, "num_statements": 0, "percent_covered": 100.0, "percent_covered_display": "100", "missing_lines": 0, "excluded_lines": 0}, "missing_lines": [], "excluded_lines": []}}}, "app/api/dependencies.py": {"executed_lines": [1, 8, 9, 10, 11, 13, 14, 15, 18, 19, 30, 31, 42, 43, 53, 54, 60, 61, 63, 64, 68, 76, 92], "summary": {"covered_lines": 22, "num_statements": 29, "percent_covered": 75.86206896551724, "percent_covered_display": "76", "missing_lines": 7, "excluded_lines": 0}, "missing_lines": [26, 27, 38, 39, 55, 65, 66], "excluded_lines": [], "functions": {"get_data_dir": {"executed_lines": [], "summary": {"covered_lines": 0, "num_statements": 2, "percent_covered": 0.0, "percent_covered_display": "0", "missing_lines": 2, "excluded_lines": 0}, "missing_lines": [26, 27], "excluded_lines": []}, "get_library_repository": {"executed_lines": [], "summary": {"covered_lines": 0, "num_statements": 2, "percent_covered": 0.0, "percent_covered_display": "0", "missing_lines": 2, "excluded_lines": 0}, "missing_lines": [38, 39], "excluded_lines": []}, "get_embedding_service": {"executed_lines": [53, 54, 60, 61, 63, 64, 68], "summary": {"covered_lines": 7, "num_statements": 10, "percent_covered": 70.0, "percent_covered_display": "70", "missing_lines": 3, "excluded_lines": 0}, "missing_lines": [55, 65, 66], "excluded_lines": []}, "get_library_service": {"executed_lines": [92], "summary": {"covered_lines": 1, "num_statements": 1, "percent_covered": 100.0, "percent_covered_display": "100", "missing_lines": 0, "excluded_lines": 0}, "missing_lines": [], "excluded_lines": []}, "": {"executed_lines": [1, 8, 9, 10, 11, 13, 14, 15, 18, 19, 30, 31, 42, 43, 76], "summary": {"covered_lines": 14, "num_statements": 14, "percent_covered": 100.0, "percent_covered_display": "100", "missing_lines": 0, "excluded_lines": 0}, "missing_lines": [], "excluded_lines": []}}, "classes": {"": {"executed_lines": [1, 8, 9, 10, 11, 13, 14, 15, 18, 19, 30, 31, 42, 43, 53, 54, 60, 61, 63, 64, 68, 76, 92], "summary": {"covered_lines": 22, "num_statements": 29, "percent_covered": 75.86206896551724, "percent_covered_display": "76", "missing_lines": 7, "excluded_lines": 0}, "missing_lines": [26, 27, 38, 39, 55, 65, 66], "excluded_lines": []}}}, "app/api/main.py": {"executed_lines": [1, 8, 9, 10, 11, 12, 13, 14, 16, 31, 32, 33, 38, 41, 42, 45, 57, 58, 59, 69, 70, 71, 81, 82, 83, 93, 94, 105, 106, 120, 126, 128, 136, 143, 155, 161, 164, 170, 176, 179, 180, 181, 190, 193, 199, 206, 209, 215, 222, 223, 224, 227, 233, 240, 246, 253, 270, 279, 282, 289, 307, 311, 320, 323, 329, 336, 339, 345, 352, 353, 354, 360, 366, 383, 385, 392, 395, 396, 398, 400, 409, 416, 422, 438, 440, 447, 450, 451, 453, 455, 464, 474, 475], "summary": {"covered_lines": 92, "num_statements": 95, "percent_covered": 96.84210526315789, "percent_covered_display": "97", "missing_lines": 3, "excluded_lines": 0}, "missing_lines": [95, 107, 479], "excluded_lines": [], "functions": {"library_not_found_handler": {"executed_lines": [59], "summary": {"covered_lines": 1, "num_statements": 1, "percent_covered": 100.0, "percent_covered_display": "100", "missing_lines": 0, "excluded_lines": 0}, "missing_lines": [], "excluded_lines": []}, "document_not_found_handler": {"executed_lines": [71], "summary": {"covered_lines": 1, "num_statements": 1, "percent_covered": 100.0, "percent_covered_display": "100", "missing_lines": 0, "excluded_lines": 0}, "missing_lines": [], "excluded_lines": []}, "dimension_mismatch_handler": {"executed_lines": [83], "summary": {"covered_lines": 1, "num_statements": 1, "percent_covered": 100.0, "percent_covered_display": "100", "missing_lines": 0, "excluded_lines": 0}, "missing_lines": [], "excluded_lines": []}, "embedding_service_error_handler": {"executed_lines": [], "summary": {"covered_lines": 0, "num_statements": 1, "percent_covered": 0.0, "percent_covered_display": "0", "missing_lines": 1, "excluded_lines": 0}, "missing_lines": [95], "excluded_lines": []}, "value_error_handler": {"executed_lines": [], "summary": {"covered_lines": 0, "num_statements": 1, "percent_covered": 0.0, "percent_covered_display": "0", "missing_lines": 1, "excluded_lines": 0}, "missing_lines": [107], "excluded_lines": []}, "health_check": {"executed_lines": [128], "summary": {"covered_lines": 1, "num_statements": 1, "percent_covered": 100.0, "percent_covered_display": "100", "missing_lines": 0, "excluded_lines": 0}, "missing_lines": [], "excluded_lines": []}, "create_library": {"executed_lines": [155, 161], "summary": {"covered_lines": 2, "num_statements": 2, "percent_covered": 100.0, "percent_covered_display": "100", "missing_lines": 0, "excluded_lines": 0}, "missing_lines": [], "excluded_lines": []}, "list_libraries": {"executed_lines": [176, 179, 180, 181, 190], "summary": {"covered_lines": 5, "num_statements": 5, "percent_covered": 100.0, "percent_covered_display": "100", "missing_lines": 0, "excluded_lines": 0}, "missing_lines": [], "excluded_lines": []}, "get_library": {"executed_lines": [206], "summary": {"covered_lines": 1, "num_statements": 1, "percent_covered": 100.0, "percent_covered_display": "100", "missing_lines": 0, "excluded_lines": 0}, "missing_lines": [], "excluded_lines": []}, "delete_library": {"executed_lines": [222, 223, 224], "summary": {"covered_lines": 3, "num_statements": 3, "percent_covered": 100.0, "percent_covered_display": "100", "missing_lines": 0, "excluded_lines": 0}, "missing_lines": [], "excluded_lines": []}, "get_library_statistics": {"executed_lines": [240], "summary": {"covered_lines": 1, "num_statements": 1, "percent_covered": 100.0, "percent_covered_display": "100", "missing_lines": 0, "excluded_lines": 0}, "missing_lines": [], "excluded_lines": []}, "add_document": {"executed_lines": [270, 279], "summary": {"covered_lines": 2, "num_statements": 2, "percent_covered": 100.0, "percent_covered_display": "100", "missing_lines": 0, "excluded_lines": 0}, "missing_lines": [], "excluded_lines": []}, "add_document_with_embeddings": {"executed_lines": [307, 311, 320], "summary": {"covered_lines": 3, "num_statements": 3, "percent_covered": 100.0, "percent_covered_display": "100", "missing_lines": 0, "excluded_lines": 0}, "missing_lines": [], "excluded_lines": []}, "get_document": {"executed_lines": [336], "summary": {"covered_lines": 1, "num_statements": 1, "percent_covered": 100.0, "percent_covered_display": "100", "missing_lines": 0, "excluded_lines": 0}, "missing_lines": [], "excluded_lines": []}, "delete_document": {"executed_lines": [352, 353, 354], "summary": {"covered_lines": 3, "num_statements": 3, "percent_covered": 100.0, "percent_covered_display": "100", "missing_lines": 0, "excluded_lines": 0}, "missing_lines": [], "excluded_lines": []}, "search": {"executed_lines": [383, 385, 392, 395, 396, 398, 400, 409], "summary": {"covered_lines": 8, "num_statements": 8, "percent_covered": 100.0, "percent_covered_display": "100", "missing_lines": 0, "excluded_lines": 0}, "missing_lines": [], "excluded_lines": []}, "search_with_embedding": {"executed_lines": [438, 440, 447, 450, 451, 453, 455, 464], "summary": {"covered_lines": 8, "num_statements": 8, "percent_covered": 100.0, "percent_covered_display": "100", "missing_lines": 0, "excluded_lines": 0}, "missing_lines": [], "excluded_lines": []}, "root": {"executed_lines": [], "summary": {"covered_lines": 0, "num_statements": 1, "percent_covered": 0.0, "percent_covered_display": "0", "missing_lines": 1, "excluded_lines": 0}, "missing_lines": [479], "excluded_lines": []}, "": {"executed_lines": [1, 8, 9, 10, 11, 12, 13, 14, 16, 31, 32, 33, 38, 41, 42, 45, 57, 58, 69, 70, 81, 82, 93, 94, 105, 106, 120, 126, 136, 143, 164, 170, 193, 199, 209, 215, 227, 233, 246, 253, 282, 289, 323, 329, 339, 345, 360, 366, 416, 422, 474, 475], "summary": {"covered_lines": 51, "num_statements": 51, "percent_covered": 100.0, "percent_covered_display": "100", "missing_lines": 0, "excluded_lines": 0}, "missing_lines": [], "excluded_lines": []}}, "classes": {"": {"executed_lines": [1, 8, 9, 10, 11, 12, 13, 14, 16, 31, 32, 33, 38, 41, 42, 45, 57, 58, 59, 69, 70, 71, 81, 82, 83, 93, 94, 105, 106, 120, 126, 128, 136, 143, 155, 161, 164, 170, 176, 179, 180, 181, 190, 193, 199, 206, 209, 215, 222, 223, 224, 227, 233, 240, 246, 253, 270, 279, 282, 289, 307, 311, 320, 323, 329, 336, 339, 345, 352, 353, 354, 360, 366, 383, 385, 392, 395, 396, 398, 400, 409, 416, 422, 438, 440, 447, 450, 451, 453, 455, 464, 474, 475], "summary": {"covered_lines": 92, "num_statements": 95, "percent_covered": 96.84210526315789, "percent_covered_display": "97", "missing_lines": 3, "excluded_lines": 0}, "missing_lines": [95, 107, 479], "excluded_lines": []}}}, "app/api/models.py": {"executed_lines": [1, 8, 9, 10, 11, 17, 18, 20, 21, 22, 27, 31, 32, 41, 42, 44, 45, 48, 49, 50, 51, 53, 54, 67, 68, 70, 71, 74, 75, 76, 77, 80, 81, 83, 84, 87, 88, 90, 91, 92, 99, 100, 109, 110, 112, 113, 114, 125, 126, 128, 129, 130, 131, 133, 134, 137, 138, 140, 141, 142, 143, 145, 146, 149, 150, 152, 153, 154, 155, 156, 157, 159, 160, 163, 164, 166, 167, 168, 170, 171, 174, 175, 177, 178, 179, 180, 181, 183, 184, 187, 188, 190, 191, 192, 193, 195, 196, 199, 200, 202, 203, 204, 205, 207, 208, 211, 212, 214, 215, 216, 217, 220, 221, 223, 224, 225, 228, 229, 231, 232, 233, 234, 235, 236, 237, 238, 241, 242, 244, 245, 246, 249, 250, 252, 253, 254, 258, 259], "summary": {"covered_lines": 119, "num_statements": 119, "percent_covered": 100.0, "percent_covered_display": "100", "missing_lines": 0, "excluded_lines": 0}, "missing_lines": [], "excluded_lines": [], "functions": {"": {"executed_lines": [1, 8, 9, 10, 11, 17, 18, 20, 21, 22, 27, 31, 32, 41, 42, 44, 45, 48, 49, 50, 51, 53, 54, 67, 68, 70, 71, 74, 75, 76, 77, 80, 81, 83, 84, 87, 88, 90, 91, 92, 99, 100, 109, 110, 112, 113, 114, 125, 126, 128, 129, 130, 131, 133, 134, 137, 138, 140, 141, 142, 143, 145, 146, 149, 150, 152, 153, 154, 155, 156, 157, 159, 160, 163, 164, 166, 167, 168, 170, 171, 174, 175, 177, 178, 179, 180, 181, 183, 184, 187, 188, 190, 191, 192, 193, 195, 196, 199, 200, 202, 203, 204, 205, 207, 208, 211, 212, 214, 215, 216, 217, 220, 221, 223, 224, 225, 228, 229, 231, 232, 233, 234, 235, 236, 237, 238, 241, 242, 244, 245, 246, 249, 250, 252, 253, 254, 258, 259], "summary": {"covered_lines": 119, "num_statements": 119, "percent_covered": 100.0, "percent_covered_display": "100", "missing_lines": 0, "excluded_lines": 0}, "missing_lines": [], "excluded_lines": []}}, "classes": {"CreateLibraryRequest": {"executed_lines": [], "summary": {"covered_lines": 0, "num_statements": 0, "percent_covered": 100.0, "percent_covered_display": "100", "missing_lines": 0, "excluded_lines": 0}, "missing_lines": [], "excluded_lines": []}, "CreateLibraryRequest.Config": {"executed_lines": [], "summary": {"covered_lines": 0, "num_statements": 0, "percent_covered": 100.0, "percent_covered_display": "100", "missing_lines": 0, "excluded_lines": 0}, "missing_lines": [], "excluded_lines": []}, "AddDocumentRequest": {"executed_lines": [], "summary": {"covered_lines": 0, "num_statements": 0, "percent_covered": 100.0, "percent_covered_display": "100", "missing_lines": 0, "excluded_lines": 0}, "missing_lines": [], "excluded_lines": []}, "AddDocumentRequest.Config": {"executed_lines": [], "summary": {"covered_lines": 0, "num_statements": 0, "percent_covered": 100.0, "percent_covered_display": "100", "missing_lines": 0, "excluded_lines": 0}, "missing_lines": [], "excluded_lines": []}, "AddDocumentWithEmbeddingsRequest": {"executed_lines": [], "summary": {"covered_lines": 0, "num_statements": 0, "percent_covered": 100.0, "percent_covered_display": "100", "missing_lines": 0, "excluded_lines": 0}, "missing_lines": [], "excluded_lines": []}, "ChunkWithEmbedding": {"executed_lines": [], "summary": {"covered_lines": 0, "num_statements": 0, "percent_covered": 100.0, "percent_covered_display": "100", "missing_lines": 0, "excluded_lines": 0}, "missing_lines": [], "excluded_lines": []}, "SearchRequest": {"executed_lines": [], "summary": {"covered_lines": 0, "num_statements": 0, "percent_covered": 100.0, "percent_covered_display": "100", "missing_lines": 0, "excluded_lines": 0}, "missing_lines": [], "excluded_lines": []}, "SearchRequest.Config": {"executed_lines": [], "summary": {"covered_lines": 0, "num_statements": 0, "percent_covered": 100.0, "percent_covered_display": "100", "missing_lines": 0, "excluded_lines": 0}, "missing_lines": [], "excluded_lines": []}, "SearchWithEmbeddingRequest": {"executed_lines": [], "summary": {"covered_lines": 0, "num_statements": 0, "percent_covered": 100.0, "percent_covered_display": "100", "missing_lines": 0, "excluded_lines": 0}, "missing_lines": [], "excluded_lines": []}, "ChunkResponse": {"executed_lines": [], "summary": {"covered_lines": 0, "num_statements": 0, "percent_covered": 100.0, "percent_covered_display": "100", "missing_lines": 0, "excluded_lines": 0}, "missing_lines": [], "excluded_lines": []}, "ChunkResponse.Config": {"executed_lines": [], "summary": {"covered_lines": 0, "num_statements": 0, "percent_covered": 100.0, "percent_covered_display": "100", "missing_lines": 0, "excluded_lines": 0}, "missing_lines": [], "excluded_lines": []}, "ChunkMetadataResponse": {"executed_lines": [], "summary": {"covered_lines": 0, "num_statements": 0, "percent_covered": 100.0, "percent_covered_display": "100", "missing_lines": 0, "excluded_lines": 0}, "missing_lines": [], "excluded_lines": []}, "ChunkMetadataResponse.Config": {"executed_lines": [], "summary": {"covered_lines": 0, "num_statements": 0, "percent_covered": 100.0, "percent_covered_display": "100", "missing_lines": 0, "excluded_lines": 0}, "missing_lines": [], "excluded_lines": []}, "DocumentMetadataResponse": {"executed_lines": [], "summary": {"covered_lines": 0, "num_statements": 0, "percent_covered": 100.0, "percent_covered_display": "100", "missing_lines": 0, "excluded_lines": 0}, "missing_lines": [], "excluded_lines": []}, "DocumentMetadataResponse.Config": {"executed_lines": [], "summary": {"covered_lines": 0, "num_statements": 0, "percent_covered": 100.0, "percent_covered_display": "100", "missing_lines": 0, "excluded_lines": 0}, "missing_lines": [], "excluded_lines": []}, "DocumentResponse": {"executed_lines": [], "summary": {"covered_lines": 0, "num_statements": 0, "percent_covered": 100.0, "percent_covered_display": "100", "missing_lines": 0, "excluded_lines": 0}, "missing_lines": [], "excluded_lines": []}, "DocumentResponse.Config": {"executed_lines": [], "summary": {"covered_lines": 0, "num_statements": 0, "percent_covered": 100.0, "percent_covered_display": "100", "missing_lines": 0, "excluded_lines": 0}, "missing_lines": [], "excluded_lines": []}, "LibraryMetadataResponse": {"executed_lines": [], "summary": {"covered_lines": 0, "num_statements": 0, "percent_covered": 100.0, "percent_covered_display": "100", "missing_lines": 0, "excluded_lines": 0}, "missing_lines": [], "excluded_lines": []}, "LibraryMetadataResponse.Config": {"executed_lines": [], "summary": {"covered_lines": 0, "num_statements": 0, "percent_covered": 100.0, "percent_covered_display": "100", "missing_lines": 0, "excluded_lines": 0}, "missing_lines": [], "excluded_lines": []}, "LibraryResponse": {"executed_lines": [], "summary": {"covered_lines": 0, "num_statements": 0, "percent_covered": 100.0, "percent_covered_display": "100", "missing_lines": 0, "excluded_lines": 0}, "missing_lines": [], "excluded_lines": []}, "LibraryResponse.Config": {"executed_lines": [], "summary": {"covered_lines": 0, "num_statements": 0, "percent_covered": 100.0, "percent_covered_display": "100", "missing_lines": 0, "excluded_lines": 0}, "missing_lines": [], "excluded_lines": []}, "LibrarySummaryResponse": {"executed_lines": [], "summary": {"covered_lines": 0, "num_statements": 0, "percent_covered": 100.0, "percent_covered_display": "100", "missing_lines": 0, "excluded_lines": 0}, "missing_lines": [], "excluded_lines": []}, "LibrarySummaryResponse.Config": {"executed_lines": [], "summary": {"covered_lines": 0, "num_statements": 0, "percent_covered": 100.0, "percent_covered_display": "100", "missing_lines": 0, "excluded_lines": 0}, "missing_lines": [], "excluded_lines": []}, "SearchResultResponse": {"executed_lines": [], "summary": {"covered_lines": 0, "num_statements": 0, "percent_covered": 100.0, "percent_covered_display": "100", "missing_lines": 0, "excluded_lines": 0}, "missing_lines": [], "excluded_lines": []}, "SearchResponse": {"executed_lines": [], "summary": {"covered_lines": 0, "num_statements": 0, "percent_covered": 100.0, "percent_covered_display": "100", "missing_lines": 0, "excluded_lines": 0}, "missing_lines": [], "excluded_lines": []}, "LibraryStatisticsResponse": {"executed_lines": [], "summary": {"covered_lines": 0, "num_statements": 0, "percent_covered": 100.0, "percent_covered_display": "100", "missing_lines": 0, "excluded_lines": 0}, "missing_lines": [], "excluded_lines": []}, "ErrorResponse": {"executed_lines": [], "summary": {"covered_lines": 0, "num_statements": 0, "percent_covered": 100.0, "percent_covered_display": "100", "missing_lines": 0, "excluded_lines": 0}, "missing_lines": [], "excluded_lines": []}, "HealthResponse": {"executed_lines": [], "summary": {"covered_lines": 0, "num_statements": 0, "percent_covered": 100.0, "percent_covered_display": "100", "missing_lines": 0, "excluded_lines": 0}, "missing_lines": [], "excluded_lines": []}, "": {"executed_lines": [1, 8, 9, 10, 11, 17, 18, 20, 21, 22, 27, 31, 32, 41, 42, 44, 45, 48, 49, 50, 51, 53, 54, 67, 68, 70, 71, 74, 75, 76, 77, 80, 81, 83, 84, 87, 88, 90, 91, 92, 99, 100, 109, 110, 112, 113, 114, 125, 126, 128, 129, 130, 131, 133, 134, 137, 138, 140, 141, 142, 143, 145, 146, 149, 150, 152, 153, 154, 155, 156, 157, 159, 160, 163, 164, 166, 167, 168, 170, 171, 174, 175, 177, 178, 179, 180, 181, 183, 184, 187, 188, 190, 191, 192, 193, 195, 196, 199, 200, 202, 203, 204, 205, 207, 208, 211, 212, 214, 215, 216, 217, 220, 221, 223, 224, 225, 228, 229, 231, 232, 233, 234, 235, 236, 237, 238, 241, 242, 244, 245, 246, 249, 250, 252, 253, 254, 258, 259], "summary": {"covered_lines": 119, "num_statements": 119, "percent_covered": 100.0, "percent_covered_display": "100", "missing_lines": 0, "excluded_lines": 0}, "missing_lines": [], "excluded_lines": []}}}, "app/models/__init__.py": {"executed_lines": [1], "summary": {"covered_lines": 0, "num_statements": 0, "percent_covered": 100.0, "percent_covered_display": "100", "missing_lines": 0, "excluded_lines": 0}, "missing_lines": [], "excluded_lines": [], "functions": {"": {"executed_lines": [], "summary": {"covered_lines": 0, "num_statements": 0, "percent_covered": 100.0, "percent_covered_display": "100", "missing_lines": 0, "excluded_lines": 0}, "missing_lines": [], "excluded_lines": []}}, "classes": {"": {"executed_lines": [], "summary": {"covered_lines": 0, "num_statements": 0, "percent_covered": 100.0, "percent_covered_display": "100", "missing_lines": 0, "excluded_lines": 0}, "missing_lines": [], "excluded_lines": []}}}, "app/models/base.py": {"executed_lines": [1, 8, 9, 10, 11, 12, 15, 16, 21, 22, 23, 24, 26, 27, 37, 38, 46, 47, 48, 49, 51, 52, 54, 58, 59, 62, 64, 65, 66, 80, 81, 83, 84, 85, 86, 87, 88, 90, 91, 103, 104, 106, 107, 108, 110, 111, 113, 116, 117, 118, 124, 126, 127, 136, 137, 139, 140, 141, 144, 145, 147, 148, 159, 160, 168, 169, 170, 171, 173, 174], "summary": {"covered_lines": 63, "num_statements": 67, "percent_covered": 94.02985074626865, "percent_covered_display": "94", "missing_lines": 4, "excluded_lines": 0}, "missing_lines": [55, 60, 114, 119], "excluded_lines": [], "functions": {"Chunk.validate_embedding": {"executed_lines": [54, 58, 59, 62], "summary": {"covered_lines": 4, "num_statements": 6, "percent_covered": 66.66666666666667, "percent_covered_display": "67", "missing_lines": 2, "excluded_lines": 0}, "missing_lines": [55, 60], "excluded_lines": []}, "Document.validate_chunks_consistency": {"executed_lines": [113, 116, 117, 118, 124], "summary": {"covered_lines": 5, "num_statements": 7, "percent_covered": 71.42857142857143, "percent_covered_display": "71", "missing_lines": 2, "excluded_lines": 0}, "missing_lines": [114, 119], "excluded_lines": []}, "": {"executed_lines": [1, 8, 9, 10, 11, 12, 15, 16, 21, 22, 23, 24, 26, 27, 37, 38, 46, 47, 48, 49, 51, 52, 64, 65, 66, 80, 81, 83, 84, 85, 86, 87, 88, 90, 91, 103, 104, 106, 107, 108, 110, 111, 126, 127, 136, 137, 139, 140, 141, 144, 145, 147, 148, 159, 160, 168, 169, 170, 171, 173, 174], "summary": {"covered_lines": 54, "num_statements": 54, "percent_covered": 100.0, "percent_covered_display": "100", "missing_lines": 0, "excluded_lines": 0}, "missing_lines": [], "excluded_lines": []}}, "classes": {"ChunkMetadata": {"executed_lines": [], "summary": {"covered_lines": 0, "num_statements": 0, "percent_covered": 100.0, "percent_covered_display": "100", "missing_lines": 0, "excluded_lines": 0}, "missing_lines": [], "excluded_lines": []}, "ChunkMetadata.Config": {"executed_lines": [], "summary": {"covered_lines": 0, "num_statements": 0, "percent_covered": 100.0, "percent_covered_display": "100", "missing_lines": 0, "excluded_lines": 0}, "missing_lines": [], "excluded_lines": []}, "Chunk": {"executed_lines": [54, 58, 59, 62], "summary": {"covered_lines": 4, "num_statements": 6, "percent_covered": 66.66666666666667, "percent_covered_display": "67", "missing_lines": 2, "excluded_lines": 0}, "missing_lines": [55, 60], "excluded_lines": []}, "Chunk.Config": {"executed_lines": [], "summary": {"covered_lines": 0, "num_statements": 0, "percent_covered": 100.0, "percent_covered_display": "100", "missing_lines": 0, "excluded_lines": 0}, "missing_lines": [], "excluded_lines": []}, "DocumentMetadata": {"executed_lines": [], "summary": {"covered_lines": 0, "num_statements": 0, "percent_covered": 100.0, "percent_covered_display": "100", "missing_lines": 0, "excluded_lines": 0}, "missing_lines": [], "excluded_lines": []}, "DocumentMetadata.Config": {"executed_lines": [], "summary": {"covered_lines": 0, "num_statements": 0, "percent_covered": 100.0, "percent_covered_display": "100", "missing_lines": 0, "excluded_lines": 0}, "missing_lines": [], "excluded_lines": []}, "Document": {"executed_lines": [113, 116, 117, 118, 124], "summary": {"covered_lines": 5, "num_statements": 7, "percent_covered": 71.42857142857143, "percent_covered_display": "71", "missing_lines": 2, "excluded_lines": 0}, "missing_lines": [114, 119], "excluded_lines": []}, "Document.Config": {"executed_lines": [], "summary": {"covered_lines": 0, "num_statements": 0, "percent_covered": 100.0, "percent_covered_display": "100", "missing_lines": 0, "excluded_lines": 0}, "missing_lines": [], "excluded_lines": []}, "LibraryMetadata": {"executed_lines": [], "summary": {"covered_lines": 0, "num_statements": 0, "percent_covered": 100.0, "percent_covered_display": "100", "missing_lines": 0, "excluded_lines": 0}, "missing_lines": [], "excluded_lines": []}, "LibraryMetadata.Config": {"executed_lines": [], "summary": {"covered_lines": 0, "num_statements": 0, "percent_covered": 100.0, "percent_covered_display": "100", "missing_lines": 0, "excluded_lines": 0}, "missing_lines": [], "excluded_lines": []}, "Library": {"executed_lines": [], "summary": {"covered_lines": 0, "num_statements": 0, "percent_covered": 100.0, "percent_covered_display": "100", "missing_lines": 0, "excluded_lines": 0}, "missing_lines": [], "excluded_lines": []}, "Library.Config": {"executed_lines": [], "summary": {"covered_lines": 0, "num_statements": 0, "percent_covered": 100.0, "percent_covered_display": "100", "missing_lines": 0, "excluded_lines": 0}, "missing_lines": [], "excluded_lines": []}, "": {"executed_lines": [1, 8, 9, 10, 11, 12, 15, 16, 21, 22, 23, 24, 26, 27, 37, 38, 46, 47, 48, 49, 51, 52, 64, 65, 66, 80, 81, 83, 84, 85, 86, 87, 88, 90, 91, 103, 104, 106, 107, 108, 110, 111, 126, 127, 136, 137, 139, 140, 141, 144, 145, 147, 148, 159, 160, 168, 169, 170, 171, 173, 174], "summary": {"covered_lines": 54, "num_statements": 54, "percent_covered": 100.0, "percent_covered_display": "100", "missing_lines": 0, "excluded_lines": 0}, "missing_lines": [], "excluded_lines": []}}}, "app/services/__init__.py": {"executed_lines": [1, 3, 5], "summary": {"covered_lines": 2, "num_statements": 2, "percent_covered": 100.0, "percent_covered_display": "100", "missing_lines": 0, "excluded_lines": 0}, "missing_lines": [], "excluded_lines": [], "functions": {"": {"executed_lines": [1, 3, 5], "summary": {"covered_lines": 2, "num_statements": 2, "percent_covered": 100.0, "percent_covered_display": "100", "missing_lines": 0, "excluded_lines": 0}, "missing_lines": [], "excluded_lines": []}}, "classes": {"": {"executed_lines": [1, 3, 5], "summary": {"covered_lines": 2, "num_statements": 2, "percent_covered": 100.0, "percent_covered_display": "100", "missing_lines": 0, "excluded_lines": 0}, "missing_lines": [], "excluded_lines": []}}}, "app/services/embedding_service.py": {"executed_lines": [1, 9, 10, 11, 12, 13, 14, 21, 24, 25, 27, 30, 31, 46, 47, 49, 74, 77, 83, 89, 96, 97, 98, 99, 100, 106, 111, 112, 116, 117, 125, 128, 130, 142, 156, 159, 165, 166, 175, 178, 182, 183, 184, 186, 191, 211, 223, 241, 245, 246, 248, 255, 262, 263, 272, 273, 274, 277, 281, 282, 283, 285, 287, 292, 312, 337, 350, 356, 362, 363, 365], "summary": {"covered_lines": 68, "num_statements": 106, "percent_covered": 64.15094339622641, "percent_covered_display": "64", "missing_lines": 38, "excluded_lines": 0}, "missing_lines": [75, 84, 90, 91, 101, 102, 114, 126, 157, 160, 179, 193, 201, 202, 205, 206, 207, 242, 247, 249, 256, 260, 278, 294, 302, 303, 306, 307, 308, 324, 326, 327, 328, 332, 333, 335, 357, 367], "excluded_lines": [], "functions": {"EmbeddingService.__init__": {"executed_lines": [74, 77, 83, 89, 96, 97, 98, 99, 100, 106], "summary": {"covered_lines": 10, "num_statements": 16, "percent_covered": 62.5, "percent_covered_display": "62", "missing_lines": 6, "excluded_lines": 0}, "missing_lines": [75, 84, 90, 91, 101, 102], "excluded_lines": []}, "EmbeddingService.model": {"executed_lines": [], "summary": {"covered_lines": 0, "num_statements": 1, "percent_covered": 0.0, "percent_covered_display": "0", "missing_lines": 1, "excluded_lines": 0}, "missing_lines": [114], "excluded_lines": []}, "EmbeddingService.embedding_dimension": {"executed_lines": [125, 128], "summary": {"covered_lines": 2, "num_statements": 3, "percent_covered": 66.66666666666667, "percent_covered_display": "67", "missing_lines": 1, "excluded_lines": 0}, "missing_lines": [126], "excluded_lines": []}, "EmbeddingService.embed_text": {"executed_lines": [156, 159, 165, 166, 175, 178, 182, 183, 184, 186, 191], "summary": {"covered_lines": 11, "num_statements": 20, "percent_covered": 55.0, "percent_covered_display": "55", "missing_lines": 9, "excluded_lines": 0}, "missing_lines": [157, 160, 179, 193, 201, 202, 205, 206, 207], "excluded_lines": []}, "EmbeddingService.embed_texts": {"executed_lines": [241, 245, 246, 248, 255, 262, 263, 272, 273, 274, 277, 281, 282, 283, 285, 287, 292], "summary": {"covered_lines": 17, "num_statements": 29, "percent_covered": 58.62068965517241, "percent_covered_display": "59", "missing_lines": 12, "excluded_lines": 0}, "missing_lines": [242, 247, 249, 256, 260, 278, 294, 302, 303, 306, 307, 308], "excluded_lines": []}, "EmbeddingService._embed_texts_chunked": {"executed_lines": [], "summary": {"covered_lines": 0, "num_statements": 7, "percent_covered": 0.0, "percent_covered_display": "0", "missing_lines": 7, "excluded_lines": 0}, "missing_lines": [324, 326, 327, 328, 332, 333, 335], "excluded_lines": []}, "EmbeddingService.change_input_type": {"executed_lines": [350, 356, 362, 363], "summary": {"covered_lines": 4, "num_statements": 5, "percent_covered": 80.0, "percent_covered_display": "80", "missing_lines": 1, "excluded_lines": 0}, "missing_lines": [357], "excluded_lines": []}, "EmbeddingService.__repr__": {"executed_lines": [], "summary": {"covered_lines": 0, "num_statements": 1, "percent_covered": 0.0, "percent_covered_display": "0", "missing_lines": 1, "excluded_lines": 0}, "missing_lines": [367], "excluded_lines": []}, "": {"executed_lines": [1, 9, 10, 11, 12, 13, 14, 21, 24, 25, 27, 30, 31, 46, 47, 49, 111, 112, 116, 117, 130, 142, 211, 223, 312, 337, 365], "summary": {"covered_lines": 24, "num_statements": 24, "percent_covered": 100.0, "percent_covered_display": "100", "missing_lines": 0, "excluded_lines": 0}, "missing_lines": [], "excluded_lines": []}}, "classes": {"EmbeddingServiceError": {"executed_lines": [], "summary": {"covered_lines": 0, "num_statements": 0, "percent_covered": 100.0, "percent_covered_display": "100", "missing_lines": 0, "excluded_lines": 0}, "missing_lines": [], "excluded_lines": []}, "EmbeddingService": {"executed_lines": [74, 77, 83, 89, 96, 97, 98, 99, 100, 106, 125, 128, 156, 159, 165, 166, 175, 178, 182, 183, 184, 186, 191, 241, 245, 246, 248, 255, 262, 263, 272, 273, 274, 277, 281, 282, 283, 285, 287, 292, 350, 356, 362, 363], "summary": {"covered_lines": 44, "num_statements": 82, "percent_covered": 53.65853658536585, "percent_covered_display": "54", "missing_lines": 38, "excluded_lines": 0}, "missing_lines": [75, 84, 90, 91, 101, 102, 114, 126, 157, 160, 179, 193, 201, 202, 205, 206, 207, 242, 247, 249, 256, 260, 278, 294, 302, 303, 306, 307, 308, 324, 326, 327, 328, 332, 333, 335, 357, 367], "excluded_lines": []}, "": {"executed_lines": [1, 9, 10, 11, 12, 13, 14, 21, 24, 25, 27, 30, 31, 46, 47, 49, 111, 112, 116, 117, 130, 142, 211, 223, 312, 337, 365], "summary": {"covered_lines": 24, "num_statements": 24, "percent_covered": 100.0, "percent_covered_display": "100", "missing_lines": 0, "excluded_lines": 0}, "missing_lines": [], "excluded_lines": []}}}, "app/services/library_service.py": {"executed_lines": [1, 9, 10, 11, 12, 14, 15, 16, 23, 26, 27, 43, 55, 56, 58, 80, 83, 84, 91, 99, 101, 102, 103, 104, 109, 122, 124, 131, 133, 143, 145, 147, 148, 150, 152, 154, 186, 189, 194, 197, 198, 204, 205, 215, 217, 219, 220, 222, 226, 229, 232, 235, 236, 237, 240, 248, 280, 283, 289, 292, 293, 295, 296, 298, 306, 307, 311, 314, 317, 320, 321, 322, 325, 326, 327, 328, 330, 343, 345, 355, 357, 359, 360, 362, 364, 366, 391, 395, 396, 397, 398, 404, 407, 411, 434, 436, 437, 440, 441, 446, 459], "summary": {"covered_lines": 99, "num_statements": 120, "percent_covered": 82.5, "percent_covered_display": "82", "missing_lines": 21, "excluded_lines": 0}, "missing_lines": [85, 105, 106, 107, 187, 199, 200, 201, 241, 242, 243, 244, 245, 246, 281, 399, 400, 401, 442, 443, 444], "excluded_lines": [], "functions": {"LibraryService.__init__": {"executed_lines": [55, 56], "summary": {"covered_lines": 2, "num_statements": 2, "percent_covered": 100.0, "percent_covered_display": "100", "missing_lines": 0, "excluded_lines": 0}, "missing_lines": [], "excluded_lines": []}, "LibraryService.create_library": {"executed_lines": [80, 83, 84, 91, 99, 101, 102, 103, 104], "summary": {"covered_lines": 9, "num_statements": 13, "percent_covered": 69.23076923076923, "percent_covered_display": "69", "missing_lines": 4, "excluded_lines": 0}, "missing_lines": [85, 105, 106, 107], "excluded_lines": []}, "LibraryService.get_library": {"executed_lines": [122], "summary": {"covered_lines": 1, "num_statements": 1, "percent_covered": 100.0, "percent_covered_display": "100", "missing_lines": 0, "excluded_lines": 0}, "missing_lines": [], "excluded_lines": []}, "LibraryService.list_libraries": {"executed_lines": [131], "summary": {"covered_lines": 1, "num_statements": 1, "percent_covered": 100.0, "percent_covered_display": "100", "missing_lines": 0, "excluded_lines": 0}, "missing_lines": [], "excluded_lines": []}, "LibraryService.delete_library": {"executed_lines": [143, 145, 147, 148, 150, 152], "summary": {"covered_lines": 6, "num_statements": 6, "percent_covered": 100.0, "percent_covered_display": "100", "missing_lines": 0, "excluded_lines": 0}, "missing_lines": [], "excluded_lines": []}, "LibraryService.add_document_with_text": {"executed_lines": [186, 189, 194, 197, 198, 204, 205, 215, 217, 219, 220, 222, 226, 229, 232, 235, 236, 237, 240], "summary": {"covered_lines": 19, "num_statements": 29, "percent_covered": 65.51724137931035, "percent_covered_display": "66", "missing_lines": 10, "excluded_lines": 0}, "missing_lines": [187, 199, 200, 201, 241, 242, 243, 244, 245, 246], "excluded_lines": []}, "LibraryService.add_document_with_embeddings": {"executed_lines": [280, 283, 289, 292, 293, 295, 296, 298, 306, 307, 311, 314, 317, 320, 321, 322, 325, 326, 327, 328], "summary": {"covered_lines": 20, "num_statements": 21, "percent_covered": 95.23809523809524, "percent_covered_display": "95", "missing_lines": 1, "excluded_lines": 0}, "missing_lines": [281], "excluded_lines": []}, "LibraryService.get_document": {"executed_lines": [343], "summary": {"covered_lines": 1, "num_statements": 1, "percent_covered": 100.0, "percent_covered_display": "100", "missing_lines": 0, "excluded_lines": 0}, "missing_lines": [], "excluded_lines": []}, "LibraryService.delete_document": {"executed_lines": [355, 357, 359, 360, 362, 364], "summary": {"covered_lines": 6, "num_statements": 6, "percent_covered": 100.0, "percent_covered_display": "100", "missing_lines": 0, "excluded_lines": 0}, "missing_lines": [], "excluded_lines": []}, "LibraryService.search_with_text": {"executed_lines": [391, 395, 396, 397, 398, 404, 407], "summary": {"covered_lines": 7, "num_statements": 10, "percent_covered": 70.0, "percent_covered_display": "70", "missing_lines": 3, "excluded_lines": 0}, "missing_lines": [399, 400, 401], "excluded_lines": []}, "LibraryService.search_with_embedding": {"executed_lines": [434, 436, 437, 440, 441], "summary": {"covered_lines": 5, "num_statements": 8, "percent_covered": 62.5, "percent_covered_display": "62", "missing_lines": 3, "excluded_lines": 0}, "missing_lines": [442, 443, 444], "excluded_lines": []}, "LibraryService.get_library_statistics": {"executed_lines": [459], "summary": {"covered_lines": 1, "num_statements": 1, "percent_covered": 100.0, "percent_covered_display": "100", "missing_lines": 0, "excluded_lines": 0}, "missing_lines": [], "excluded_lines": []}, "": {"executed_lines": [1, 9, 10, 11, 12, 14, 15, 16, 23, 26, 27, 43, 58, 109, 124, 133, 154, 248, 330, 345, 366, 411, 446], "summary": {"covered_lines": 21, "num_statements": 21, "percent_covered": 100.0, "percent_covered_display": "100", "missing_lines": 0, "excluded_lines": 0}, "missing_lines": [], "excluded_lines": []}}, "classes": {"LibraryService": {"executed_lines": [55, 56, 80, 83, 84, 91, 99, 101, 102, 103, 104, 122, 131, 143, 145, 147, 148, 150, 152, 186, 189, 194, 197, 198, 204, 205, 215, 217, 219, 220, 222, 226, 229, 232, 235, 236, 237, 240, 280, 283, 289, 292, 293, 295, 296, 298, 306, 307, 311, 314, 317, 320, 321, 322, 325, 326, 327, 328, 343, 355, 357, 359, 360, 362, 364, 391, 395, 396, 397, 398, 404, 407, 434, 436, 437, 440, 441, 459], "summary": {"covered_lines": 78, "num_statements": 99, "percent_covered": 78.78787878787878, "percent_covered_display": "79", "missing_lines": 21, "excluded_lines": 0}, "missing_lines": [85, 105, 106, 107, 187, 199, 200, 201, 241, 242, 243, 244, 245, 246, 281, 399, 400, 401, 442, 443, 444], "excluded_lines": []}, "": {"executed_lines": [1, 9, 10, 11, 12, 14, 15, 16, 23, 26, 27, 43, 58, 109, 124, 133, 154, 248, 330, 345, 366, 411, 446], "summary": {"covered_lines": 21, "num_statements": 21, "percent_covered": 100.0, "percent_covered_display": "100", "missing_lines": 0, "excluded_lines": 0}, "missing_lines": [], "excluded_lines": []}}}, "core/__init__.py": {"executed_lines": [1], "summary": {"covered_lines": 0, "num_statements": 0, "percent_covered": 100.0, "percent_covered_display": "100", "missing_lines": 0, "excluded_lines": 0}, "missing_lines": [], "excluded_lines": [], "functions": {"": {"executed_lines": [], "summary": {"covered_lines": 0, "num_statements": 0, "percent_covered": 100.0, "percent_covered_display": "100", "missing_lines": 0, "excluded_lines": 0}, "missing_lines": [], "excluded_lines": []}}, "classes": {"": {"executed_lines": [], "summary": {"covered_lines": 0, "num_statements": 0, "percent_covered": 100.0, "percent_covered_display": "100", "missing_lines": 0, "excluded_lines": 0}, "missing_lines": [], "excluded_lines": []}}}, "core/embedding_contract.py": {"executed_lines": [1, 10, 11, 12, 15, 16, 27, 38, 39, 43, 45, 46, 48, 50, 72, 75, 76, 82, 83, 85, 86, 89, 91, 92, 96, 98, 100, 119, 120, 123, 124, 125, 126, 129, 134, 141, 142, 144, 148, 151, 157, 159, 161, 165, 171], "summary": {"covered_lines": 43, "num_statements": 53, "percent_covered": 81.13207547169812, "percent_covered_display": "81", "missing_lines": 10, "excluded_lines": 0}, "missing_lines": [130, 135, 145, 152, 153, 163, 167, 168, 169, 173], "excluded_lines": [], "functions": {"LibraryEmbeddingContract.__init__": {"executed_lines": [38, 39, 43], "summary": {"covered_lines": 3, "num_statements": 3, "percent_covered": 100.0, "percent_covered_display": "100", "missing_lines": 0, "excluded_lines": 0}, "missing_lines": [], "excluded_lines": []}, "LibraryEmbeddingContract.dimension": {"executed_lines": [48], "summary": {"covered_lines": 1, "num_statements": 1, "percent_covered": 100.0, "percent_covered_display": "100", "missing_lines": 0, "excluded_lines": 0}, "missing_lines": [], "excluded_lines": []}, "LibraryEmbeddingContract.validate_vector": {"executed_lines": [72, 75, 76, 82, 83, 85, 86, 89, 91, 92, 96, 98], "summary": {"covered_lines": 12, "num_statements": 12, "percent_covered": 100.0, "percent_covered_display": "100", "missing_lines": 0, "excluded_lines": 0}, "missing_lines": [], "excluded_lines": []}, "LibraryEmbeddingContract.validate_vectors_batch": {"executed_lines": [119, 120, 123, 124, 125, 126, 129, 134, 141, 142, 144, 148, 151, 157, 159], "summary": {"covered_lines": 15, "num_statements": 20, "percent_covered": 75.0, "percent_covered_display": "75", "missing_lines": 5, "excluded_lines": 0}, "missing_lines": [130, 135, 145, 152, 153], "excluded_lines": []}, "LibraryEmbeddingContract.__repr__": {"executed_lines": [], "summary": {"covered_lines": 0, "num_statements": 1, "percent_covered": 0.0, "percent_covered_display": "0", "missing_lines": 1, "excluded_lines": 0}, "missing_lines": [163], "excluded_lines": []}, "LibraryEmbeddingContract.__eq__": {"executed_lines": [], "summary": {"covered_lines": 0, "num_statements": 3, "percent_covered": 0.0, "percent_covered_display": "0", "missing_lines": 3, "excluded_lines": 0}, "missing_lines": [167, 168, 169], "excluded_lines": []}, "LibraryEmbeddingContract.__hash__": {"executed_lines": [], "summary": {"covered_lines": 0, "num_statements": 1, "percent_covered": 0.0, "percent_covered_display": "0", "missing_lines": 1, "excluded_lines": 0}, "missing_lines": [173], "excluded_lines": []}, "": {"executed_lines": [1, 10, 11, 12, 15, 16, 27, 45, 46, 50, 100, 161, 165, 171], "summary": {"covered_lines": 12, "num_statements": 12, "percent_covered": 100.0, "percent_covered_display": "100", "missing_lines": 0, "excluded_lines": 0}, "missing_lines": [], "excluded_lines": []}}, "classes": {"LibraryEmbeddingContract": {"executed_lines": [38, 39, 43, 48, 72, 75, 76, 82, 83, 85, 86, 89, 91, 92, 96, 98, 119, 120, 123, 124, 125, 126, 129, 134, 141, 142, 144, 148, 151, 157, 159], "summary": {"covered_lines": 31, "num_statements": 41, "percent_covered": 75.60975609756098, "percent_covered_display": "76", "missing_lines": 10, "excluded_lines": 0}, "missing_lines": [130, 135, 145, 152, 153, 163, 167, 168, 169, 173], "excluded_lines": []}, "": {"executed_lines": [1, 10, 11, 12, 15, 16, 27, 45, 46, 50, 100, 161, 165, 171], "summary": {"covered_lines": 12, "num_statements": 12, "percent_covered": 100.0, "percent_covered_display": "100", "missing_lines": 0, "excluded_lines": 0}, "missing_lines": [], "excluded_lines": []}}}, "core/vector_store.py": {"executed_lines": [1, 9, 10, 11, 12, 13, 14, 17, 18, 36, 59, 60, 62, 63, 67, 68, 70, 71, 72, 73, 76, 77, 78, 79, 80, 83, 84, 86, 90, 96, 99, 102, 109, 110, 112, 114, 115, 117, 118, 120, 121, 123, 124, 126, 146, 148, 149, 153, 154, 160, 161, 166, 167, 169, 171, 172, 173, 174, 177, 178, 180, 181, 182, 183, 185, 187, 197, 198, 199, 200, 201, 203, 216, 217, 218, 220, 221, 223, 225, 239, 240, 241, 242, 245, 248, 251, 252, 254, 256, 267, 268, 274, 275, 277, 279, 294, 295, 296, 297, 298, 299, 301, 303, 312, 313, 315, 316, 317, 319, 329, 332, 333, 334, 335, 338, 341, 343, 352, 354, 355, 358, 360, 363, 364, 365, 368, 376, 379, 380, 381, 389, 390, 391, 393, 406, 407, 409, 423, 424, 425, 426, 428, 438, 448, 450, 452], "summary": {"covered_lines": 144, "num_statements": 149, "percent_covered": 96.64429530201342, "percent_covered_display": "97", "missing_lines": 5, "excluded_lines": 0}, "missing_lines": [444, 445, 446, 454, 455], "excluded_lines": [], "functions": {"VectorStore.__init__": {"executed_lines": [59, 60, 62, 63, 67, 68, 70, 71, 72, 73, 76, 77, 78, 79, 80, 83, 84, 86], "summary": {"covered_lines": 18, "num_statements": 18, "percent_covered": 100.0, "percent_covered_display": "100", "missing_lines": 0, "excluded_lines": 0}, "missing_lines": [], "excluded_lines": []}, "VectorStore._initialize_mmap_storage": {"executed_lines": [96, 99, 102], "summary": {"covered_lines": 3, "num_statements": 3, "percent_covered": 100.0, "percent_covered_display": "100", "missing_lines": 0, "excluded_lines": 0}, "missing_lines": [], "excluded_lines": []}, "VectorStore.dimension": {"executed_lines": [112], "summary": {"covered_lines": 1, "num_statements": 1, "percent_covered": 100.0, "percent_covered_display": "100", "missing_lines": 0, "excluded_lines": 0}, "missing_lines": [], "excluded_lines": []}, "VectorStore.count": {"executed_lines": [117, 118], "summary": {"covered_lines": 2, "num_statements": 2, "percent_covered": 100.0, "percent_covered_display": "100", "missing_lines": 0, "excluded_lines": 0}, "missing_lines": [], "excluded_lines": []}, "VectorStore.total_references": {"executed_lines": [123, 124], "summary": {"covered_lines": 2, "num_statements": 2, "percent_covered": 100.0, "percent_covered_display": "100", "missing_lines": 0, "excluded_lines": 0}, "missing_lines": [], "excluded_lines": []}, "VectorStore.add_vector": {"executed_lines": [146, 148, 149, 153, 154, 160, 161, 166, 167, 169, 171, 172, 173, 174, 177, 178, 180, 181, 182, 183, 185], "summary": {"covered_lines": 21, "num_statements": 21, "percent_covered": 100.0, "percent_covered_display": "100", "missing_lines": 0, "excluded_lines": 0}, "missing_lines": [], "excluded_lines": []}, "VectorStore.get_vector": {"executed_lines": [197, 198, 199, 200, 201], "summary": {"covered_lines": 5, "num_statements": 5, "percent_covered": 100.0, "percent_covered_display": "100", "missing_lines": 0, "excluded_lines": 0}, "missing_lines": [], "excluded_lines": []}, "VectorStore.get_vector_by_index": {"executed_lines": [216, 217, 218, 220, 221, 223], "summary": {"covered_lines": 6, "num_statements": 6, "percent_covered": 100.0, "percent_covered_display": "100", "missing_lines": 0, "excluded_lines": 0}, "missing_lines": [], "excluded_lines": []}, "VectorStore.remove_vector": {"executed_lines": [239, 240, 241, 242, 245, 248, 251, 252, 254], "summary": {"covered_lines": 9, "num_statements": 9, "percent_covered": 100.0, "percent_covered_display": "100", "missing_lines": 0, "excluded_lines": 0}, "missing_lines": [], "excluded_lines": []}, "VectorStore.get_all_vectors": {"executed_lines": [267, 268, 274, 275, 277], "summary": {"covered_lines": 5, "num_statements": 5, "percent_covered": 100.0, "percent_covered_display": "100", "missing_lines": 0, "excluded_lines": 0}, "missing_lines": [], "excluded_lines": []}, "VectorStore.get_vectors_by_indices": {"executed_lines": [294, 295, 296, 297, 298, 299, 301], "summary": {"covered_lines": 7, "num_statements": 7, "percent_covered": 100.0, "percent_covered_display": "100", "missing_lines": 0, "excluded_lines": 0}, "missing_lines": [], "excluded_lines": []}, "VectorStore._allocate_index": {"executed_lines": [312, 313, 315, 316, 317], "summary": {"covered_lines": 5, "num_statements": 5, "percent_covered": 100.0, "percent_covered_display": "100", "missing_lines": 0, "excluded_lines": 0}, "missing_lines": [], "excluded_lines": []}, "VectorStore._free_vector": {"executed_lines": [329, 332, 333, 334, 335, 338, 341], "summary": {"covered_lines": 7, "num_statements": 7, "percent_covered": 100.0, "percent_covered_display": "100", "missing_lines": 0, "excluded_lines": 0}, "missing_lines": [], "excluded_lines": []}, "VectorStore._ensure_capacity": {"executed_lines": [352, 354, 355, 358, 360, 363, 364, 365, 368, 376, 379, 380, 381, 389, 390, 391], "summary": {"covered_lines": 16, "num_statements": 16, "percent_covered": 100.0, "percent_covered_display": "100", "missing_lines": 0, "excluded_lines": 0}, "missing_lines": [], "excluded_lines": []}, "VectorStore._hash_vector": {"executed_lines": [406, 407], "summary": {"covered_lines": 2, "num_statements": 2, "percent_covered": 100.0, "percent_covered_display": "100", "missing_lines": 0, "excluded_lines": 0}, "missing_lines": [], "excluded_lines": []}, "VectorStore.get_statistics": {"executed_lines": [423, 424, 425, 426, 428], "summary": {"covered_lines": 5, "num_statements": 5, "percent_covered": 100.0, "percent_covered_display": "100", "missing_lines": 0, "excluded_lines": 0}, "missing_lines": [], "excluded_lines": []}, "VectorStore.flush": {"executed_lines": [], "summary": {"covered_lines": 0, "num_statements": 3, "percent_covered": 0.0, "percent_covered_display": "0", "missing_lines": 3, "excluded_lines": 0}, "missing_lines": [444, 445, 446], "excluded_lines": []}, "VectorStore.__len__": {"executed_lines": [450], "summary": {"covered_lines": 1, "num_statements": 1, "percent_covered": 100.0, "percent_covered_display": "100", "missing_lines": 0, "excluded_lines": 0}, "missing_lines": [], "excluded_lines": []}, "VectorStore.__repr__": {"executed_lines": [], "summary": {"covered_lines": 0, "num_statements": 2, "percent_covered": 0.0, "percent_covered_display": "0", "missing_lines": 2, "excluded_lines": 0}, "missing_lines": [454, 455], "excluded_lines": []}, "": {"executed_lines": [1, 9, 10, 11, 12, 13, 14, 17, 18, 36, 90, 109, 110, 114, 115, 120, 121, 126, 187, 203, 225, 256, 279, 303, 319, 343, 393, 409, 438, 448, 452], "summary": {"covered_lines": 29, "num_statements": 29, "percent_covered": 100.0, "percent_covered_display": "100", "missing_lines": 0, "excluded_lines": 0}, "missing_lines": [], "excluded_lines": []}}, "classes": {"VectorStore": {"executed_lines": [59, 60, 62, 63, 67, 68, 70, 71, 72, 73, 76, 77, 78, 79, 80, 83, 84, 86, 96, 99, 102, 112, 117, 118, 123, 124, 146, 148, 149, 153, 154, 160, 161, 166, 167, 169, 171, 172, 173, 174, 177, 178, 180, 181, 182, 183, 185, 197, 198, 199, 200, 201, 216, 217, 218, 220, 221, 223, 239, 240, 241, 242, 245, 248, 251, 252, 254, 267, 268, 274, 275, 277, 294, 295, 296, 297, 298, 299, 301, 312, 313, 315, 316, 317, 329, 332, 333, 334, 335, 338, 341, 352, 354, 355, 358, 360, 363, 364, 365, 368, 376, 379, 380, 381, 389, 390, 391, 406, 407, 423, 424, 425, 426, 428, 450], "summary": {"covered_lines": 115, "num_statements": 120, "percent_covered": 95.83333333333333, "percent_covered_display": "96", "missing_lines": 5, "excluded_lines": 0}, "missing_lines": [444, 445, 446, 454, 455], "excluded_lines": []}, "": {"executed_lines": [1, 9, 10, 11, 12, 13, 14, 17, 18, 36, 90, 109, 110, 114, 115, 120, 121, 126, 187, 203, 225, 256, 279, 303, 319, 343, 393, 409, 438, 448, 452], "summary": {"covered_lines": 29, "num_statements": 29, "percent_covered": 100.0, "percent_covered_display": "100", "missing_lines": 0, "excluded_lines": 0}, "missing_lines": [], "excluded_lines": []}}}, "infrastructure/__init__.py": {"executed_lines": [1], "summary": {"covered_lines": 0, "num_statements": 0, "percent_covered": 100.0, "percent_covered_display": "100", "missing_lines": 0, "excluded_lines": 0}, "missing_lines": [], "excluded_lines": [], "functions": {"": {"executed_lines": [], "summary": {"covered_lines": 0, "num_statements": 0, "percent_covered": 100.0, "percent_covered_display": "100", "missing_lines": 0, "excluded_lines": 0}, "missing_lines": [], "excluded_lines": []}}, "classes": {"": {"executed_lines": [], "summary": {"covered_lines": 0, "num_statements": 0, "percent_covered": 100.0, "percent_covered_display": "100", "missing_lines": 0, "excluded_lines": 0}, "missing_lines": [], "excluded_lines": []}}}, "infrastructure/concurrency/__init__.py": {"executed_lines": [1, 3, 5], "summary": {"covered_lines": 2, "num_statements": 2, "percent_covered": 100.0, "percent_covered_display": "100", "missing_lines": 0, "excluded_lines": 0}, "missing_lines": [], "excluded_lines": [], "functions": {"": {"executed_lines": [1, 3, 5], "summary": {"covered_lines": 2, "num_statements": 2, "percent_covered": 100.0, "percent_covered_display": "100", "missing_lines": 0, "excluded_lines": 0}, "missing_lines": [], "excluded_lines": []}}, "classes": {"": {"executed_lines": [1, 3, 5], "summary": {"covered_lines": 2, "num_statements": 2, "percent_covered": 100.0, "percent_covered_display": "100", "missing_lines": 0, "excluded_lines": 0}, "missing_lines": [], "excluded_lines": []}}}, "infrastructure/concurrency/rw_lock.py": {"executed_lines": [1, 9, 10, 11, 14, 15, 38, 41, 44, 45, 48, 49, 50, 52, 53, 72, 73, 74, 78, 79, 81, 83, 84, 103, 104, 105, 109, 110, 112, 114, 126, 127, 130, 131, 132, 134, 136, 137, 138, 140, 141, 143, 144, 146, 149, 150, 153, 155, 161, 162, 165, 166, 168, 180, 181, 183, 185, 186, 187, 189, 191, 193, 194, 195, 197, 198, 200, 201, 203, 206, 207, 211, 214, 216, 222, 223, 226, 229, 231, 250, 260, 261, 279, 285, 286, 303, 304, 317, 318], "summary": {"covered_lines": 86, "num_statements": 118, "percent_covered": 72.88135593220339, "percent_covered_display": "73", "missing_lines": 32, "excluded_lines": 0}, "missing_lines": [142, 199, 243, 244, 252, 253, 281, 282, 283, 296, 297, 298, 299, 301, 314, 315, 334, 335, 340, 341, 342, 346, 348, 351, 352, 354, 355, 359, 360, 363, 367, 368], "excluded_lines": [], "functions": {"ReaderWriterLock.__init__": {"executed_lines": [41, 44, 45, 48, 49, 50], "summary": {"covered_lines": 6, "num_statements": 6, "percent_covered": 100.0, "percent_covered_display": "100", "missing_lines": 0, "excluded_lines": 0}, "missing_lines": [], "excluded_lines": []}, "ReaderWriterLock.read": {"executed_lines": [72, 73, 74, 78, 79, 81], "summary": {"covered_lines": 6, "num_statements": 6, "percent_covered": 100.0, "percent_covered_display": "100", "missing_lines": 0, "excluded_lines": 0}, "missing_lines": [], "excluded_lines": []}, "ReaderWriterLock.write": {"executed_lines": [103, 104, 105, 109, 110, 112], "summary": {"covered_lines": 6, "num_statements": 6, "percent_covered": 100.0, "percent_covered_display": "100", "missing_lines": 0, "excluded_lines": 0}, "missing_lines": [], "excluded_lines": []}, "ReaderWriterLock._acquire_read": {"executed_lines": [126, 127, 130, 131, 132, 134, 136, 137, 138, 140, 141, 143, 144, 146, 149, 150, 153], "summary": {"covered_lines": 17, "num_statements": 18, "percent_covered": 94.44444444444444, "percent_covered_display": "94", "missing_lines": 1, "excluded_lines": 0}, "missing_lines": [142], "excluded_lines": []}, "ReaderWriterLock._release_read": {"executed_lines": [161, 162, 165, 166], "summary": {"covered_lines": 4, "num_statements": 4, "percent_covered": 100.0, "percent_covered_display": "100", "missing_lines": 0, "excluded_lines": 0}, "missing_lines": [], "excluded_lines": []}, "ReaderWriterLock._acquire_write": {"executed_lines": [180, 181, 183, 185, 186, 187, 189, 191, 193, 194, 195, 197, 198, 200, 201, 203, 206, 207, 211, 214], "summary": {"covered_lines": 20, "num_statements": 21, "percent_covered": 95.23809523809524, "percent_covered_display": "95", "missing_lines": 1, "excluded_lines": 0}, "missing_lines": [199], "excluded_lines": []}, "ReaderWriterLock._release_write": {"executed_lines": [222, 223, 226, 229], "summary": {"covered_lines": 4, "num_statements": 4, "percent_covered": 100.0, "percent_covered_display": "100", "missing_lines": 0, "excluded_lines": 0}, "missing_lines": [], "excluded_lines": []}, "ReaderWriterLock.get_status": {"executed_lines": [], "summary": {"covered_lines": 0, "num_statements": 2, "percent_covered": 0.0, "percent_covered_display": "0", "missing_lines": 2, "excluded_lines": 0}, "missing_lines": [243, 244], "excluded_lines": []}, "ReaderWriterLock.__repr__": {"executed_lines": [], "summary": {"covered_lines": 0, "num_statements": 2, "percent_covered": 0.0, "percent_covered_display": "0", "missing_lines": 2, "excluded_lines": 0}, "missing_lines": [252, 253], "excluded_lines": []}, "UpgradeableLock.__init__": {"executed_lines": [], "summary": {"covered_lines": 0, "num_statements": 3, "percent_covered": 0.0, "percent_covered_display": "0", "missing_lines": 3, "excluded_lines": 0}, "missing_lines": [281, 282, 283], "excluded_lines": []}, "UpgradeableLock.read": {"executed_lines": [], "summary": {"covered_lines": 0, "num_statements": 5, "percent_covered": 0.0, "percent_covered_display": "0", "missing_lines": 5, "excluded_lines": 0}, "missing_lines": [296, 297, 298, 299, 301], "excluded_lines": []}, "UpgradeableLock.write": {"executed_lines": [], "summary": {"covered_lines": 0, "num_statements": 2, "percent_covered": 0.0, "percent_covered_display": "0", "missing_lines": 2, "excluded_lines": 0}, "missing_lines": [314, 315], "excluded_lines": []}, "UpgradeableLock.upgrade": {"executed_lines": [], "summary": {"covered_lines": 0, "num_statements": 16, "percent_covered": 0.0, "percent_covered_display": "0", "missing_lines": 16, "excluded_lines": 0}, "missing_lines": [334, 335, 340, 341, 342, 346, 348, 351, 352, 354, 355, 359, 360, 363, 367, 368], "excluded_lines": []}, "": {"executed_lines": [1, 9, 10, 11, 14, 15, 38, 52, 53, 83, 84, 114, 155, 168, 216, 231, 250, 260, 261, 279, 285, 286, 303, 304, 317, 318], "summary": {"covered_lines": 23, "num_statements": 23, "percent_covered": 100.0, "percent_covered_display": "100", "missing_lines": 0, "excluded_lines": 0}, "missing_lines": [], "excluded_lines": []}}, "classes": {"ReaderWriterLock": {"executed_lines": [41, 44, 45, 48, 49, 50, 72, 73, 74, 78, 79, 81, 103, 104, 105, 109, 110, 112, 126, 127, 130, 131, 132, 134, 136, 137, 138, 140, 141, 143, 144, 146, 149, 150, 153, 161, 162, 165, 166, 180, 181, 183, 185, 186, 187, 189, 191, 193, 194, 195, 197, 198, 200, 201, 203, 206, 207, 211, 214, 222, 223, 226, 229], "summary": {"covered_lines": 63, "num_statements": 69, "percent_covered": 91.30434782608695, "percent_covered_display": "91", "missing_lines": 6, "excluded_lines": 0}, "missing_lines": [142, 199, 243, 244, 252, 253], "excluded_lines": []}, "UpgradeableLock": {"executed_lines": [], "summary": {"covered_lines": 0, "num_statements": 26, "percent_covered": 0.0, "percent_covered_display": "0", "missing_lines": 26, "excluded_lines": 0}, "missing_lines": [281, 282, 283, 296, 297, 298, 299, 301, 314, 315, 334, 335, 340, 341, 342, 346, 348, 351, 352, 354, 355, 359, 360, 363, 367, 368], "excluded_lines": []}, "": {"executed_lines": [1, 9, 10, 11, 14, 15, 38, 52, 53, 83, 84, 114, 155, 168, 216, 231, 250, 260, 261, 279, 285, 286, 303, 304, 317, 318], "summary": {"covered_lines": 23, "num_statements": 23, "percent_covered": 100.0, "percent_covered_display": "100", "missing_lines": 0, "excluded_lines": 0}, "missing_lines": [], "excluded_lines": []}}}, "infrastructure/indexes/__init__.py": {"executed_lines": [1, 3, 4, 5, 6, 7, 9], "summary": {"covered_lines": 6, "num_statements": 6, "percent_covered": 100.0, "percent_covered_display": "100", "missing_lines": 0, "excluded_lines": 0}, "missing_lines": [], "excluded_lines": [], "functions": {"": {"executed_lines": [1, 3, 4, 5, 6, 7, 9], "summary": {"covered_lines": 6, "num_statements": 6, "percent_covered": 100.0, "percent_covered_display": "100", "missing_lines": 0, "excluded_lines": 0}, "missing_lines": [], "excluded_lines": []}}, "classes": {"": {"executed_lines": [1, 3, 4, 5, 6, 7, 9], "summary": {"covered_lines": 6, "num_statements": 6, "percent_covered": 100.0, "percent_covered_display": "100", "missing_lines": 0, "excluded_lines": 0}, "missing_lines": [], "excluded_lines": []}}}, "infrastructure/indexes/base.py": {"executed_lines": [1, 8, 9, 10, 11, 12, 15, 16, 26, 27, 40, 41, 53, 54, 79, 80, 90, 91, 100, 101, 107, 108, 109, 119, 120, 121], "summary": {"covered_lines": 24, "num_statements": 32, "percent_covered": 75.0, "percent_covered_display": "75", "missing_lines": 8, "excluded_lines": 0}, "missing_lines": [38, 51, 77, 88, 98, 105, 117, 128], "excluded_lines": [], "functions": {"VectorIndex.add_vector": {"executed_lines": [], "summary": {"covered_lines": 0, "num_statements": 1, "percent_covered": 0.0, "percent_covered_display": "0", "missing_lines": 1, "excluded_lines": 0}, "missing_lines": [38], "excluded_lines": []}, "VectorIndex.remove_vector": {"executed_lines": [], "summary": {"covered_lines": 0, "num_statements": 1, "percent_covered": 0.0, "percent_covered_display": "0", "missing_lines": 1, "excluded_lines": 0}, "missing_lines": [51], "excluded_lines": []}, "VectorIndex.search": {"executed_lines": [], "summary": {"covered_lines": 0, "num_statements": 1, "percent_covered": 0.0, "percent_covered_display": "0", "missing_lines": 1, "excluded_lines": 0}, "missing_lines": [77], "excluded_lines": []}, "VectorIndex.rebuild": {"executed_lines": [], "summary": {"covered_lines": 0, "num_statements": 1, "percent_covered": 0.0, "percent_covered_display": "0", "missing_lines": 1, "excluded_lines": 0}, "missing_lines": [88], "excluded_lines": []}, "VectorIndex.size": {"executed_lines": [], "summary": {"covered_lines": 0, "num_statements": 1, "percent_covered": 0.0, "percent_covered_display": "0", "missing_lines": 1, "excluded_lines": 0}, "missing_lines": [98], "excluded_lines": []}, "VectorIndex.clear": {"executed_lines": [], "summary": {"covered_lines": 0, "num_statements": 1, "percent_covered": 0.0, "percent_covered_display": "0", "missing_lines": 1, "excluded_lines": 0}, "missing_lines": [105], "excluded_lines": []}, "VectorIndex.supports_incremental_updates": {"executed_lines": [], "summary": {"covered_lines": 0, "num_statements": 1, "percent_covered": 0.0, "percent_covered_display": "0", "missing_lines": 1, "excluded_lines": 0}, "missing_lines": [117], "excluded_lines": []}, "VectorIndex.index_type": {"executed_lines": [], "summary": {"covered_lines": 0, "num_statements": 1, "percent_covered": 0.0, "percent_covered_display": "0", "missing_lines": 1, "excluded_lines": 0}, "missing_lines": [128], "excluded_lines": []}, "": {"executed_lines": [1, 8, 9, 10, 11, 12, 15, 16, 26, 27, 40, 41, 53, 54, 79, 80, 90, 91, 100, 101, 107, 108, 109, 119, 120, 121], "summary": {"covered_lines": 24, "num_statements": 24, "percent_covered": 100.0, "percent_covered_display": "100", "missing_lines": 0, "excluded_lines": 0}, "missing_lines": [], "excluded_lines": []}}, "classes": {"VectorIndex": {"executed_lines": [], "summary": {"covered_lines": 0, "num_statements": 8, "percent_covered": 0.0, "percent_covered_display": "0", "missing_lines": 8, "excluded_lines": 0}, "missing_lines": [38, 51, 77, 88, 98, 105, 117, 128], "excluded_lines": []}, "": {"executed_lines": [1, 8, 9, 10, 11, 12, 15, 16, 26, 27, 40, 41, 53, 54, 79, 80, 90, 91, 100, 101, 107, 108, 109, 119, 120, 121], "summary": {"covered_lines": 24, "num_statements": 24, "percent_covered": 100.0, "percent_covered_display": "100", "missing_lines": 0, "excluded_lines": 0}, "missing_lines": [], "excluded_lines": []}}}, "infrastructure/indexes/brute_force.py": {"executed_lines": [1, 16, 17, 18, 19, 20, 22, 23, 26, 27, 50, 57, 58, 59, 61, 74, 75, 76, 79, 80, 86, 88, 100, 101, 102, 103, 104, 106, 136, 137, 138, 140, 141, 144, 145, 152, 153, 156, 159, 162, 165, 166, 167, 168, 171, 175, 177, 179, 182, 185, 190, 192, 200, 202, 209, 210, 212, 216, 217, 219, 220, 227, 229, 230, 237, 239, 250, 251, 258], "summary": {"covered_lines": 67, "num_statements": 72, "percent_covered": 93.05555555555556, "percent_covered_display": "93", "missing_lines": 5, "excluded_lines": 0}, "missing_lines": [81, 82, 146, 172, 260], "excluded_lines": [], "functions": {"BruteForceIndex.__init__": {"executed_lines": [57, 58, 59], "summary": {"covered_lines": 3, "num_statements": 3, "percent_covered": 100.0, "percent_covered_display": "100", "missing_lines": 0, "excluded_lines": 0}, "missing_lines": [], "excluded_lines": []}, "BruteForceIndex.add_vector": {"executed_lines": [74, 75, 76, 79, 80, 86], "summary": {"covered_lines": 6, "num_statements": 8, "percent_covered": 75.0, "percent_covered_display": "75", "missing_lines": 2, "excluded_lines": 0}, "missing_lines": [81, 82], "excluded_lines": []}, "BruteForceIndex.remove_vector": {"executed_lines": [100, 101, 102, 103, 104], "summary": {"covered_lines": 5, "num_statements": 5, "percent_covered": 100.0, "percent_covered_display": "100", "missing_lines": 0, "excluded_lines": 0}, "missing_lines": [], "excluded_lines": []}, "BruteForceIndex.search": {"executed_lines": [136, 137, 138, 140, 141, 144, 145, 152, 153, 156, 159, 162, 165, 166, 167, 168, 171, 175, 177, 179, 182, 185, 190], "summary": {"covered_lines": 23, "num_statements": 25, "percent_covered": 92.0, "percent_covered_display": "92", "missing_lines": 2, "excluded_lines": 0}, "missing_lines": [146, 172], "excluded_lines": []}, "BruteForceIndex.rebuild": {"executed_lines": [200], "summary": {"covered_lines": 1, "num_statements": 1, "percent_covered": 100.0, "percent_covered_display": "100", "missing_lines": 0, "excluded_lines": 0}, "missing_lines": [], "excluded_lines": []}, "BruteForceIndex.size": {"executed_lines": [209, 210], "summary": {"covered_lines": 2, "num_statements": 2, "percent_covered": 100.0, "percent_covered_display": "100", "missing_lines": 0, "excluded_lines": 0}, "missing_lines": [], "excluded_lines": []}, "BruteForceIndex.clear": {"executed_lines": [216, 217], "summary": {"covered_lines": 2, "num_statements": 2, "percent_covered": 100.0, "percent_covered_display": "100", "missing_lines": 0, "excluded_lines": 0}, "missing_lines": [], "excluded_lines": []}, "BruteForceIndex.supports_incremental_updates": {"executed_lines": [227], "summary": {"covered_lines": 1, "num_statements": 1, "percent_covered": 100.0, "percent_covered_display": "100", "missing_lines": 0, "excluded_lines": 0}, "missing_lines": [], "excluded_lines": []}, "BruteForceIndex.index_type": {"executed_lines": [237], "summary": {"covered_lines": 1, "num_statements": 1, "percent_covered": 100.0, "percent_covered_display": "100", "missing_lines": 0, "excluded_lines": 0}, "missing_lines": [], "excluded_lines": []}, "BruteForceIndex.get_statistics": {"executed_lines": [250, 251], "summary": {"covered_lines": 2, "num_statements": 2, "percent_covered": 100.0, "percent_covered_display": "100", "missing_lines": 0, "excluded_lines": 0}, "missing_lines": [], "excluded_lines": []}, "BruteForceIndex.__repr__": {"executed_lines": [], "summary": {"covered_lines": 0, "num_statements": 1, "percent_covered": 0.0, "percent_covered_display": "0", "missing_lines": 1, "excluded_lines": 0}, "missing_lines": [260], "excluded_lines": []}, "": {"executed_lines": [1, 16, 17, 18, 19, 20, 22, 23, 26, 27, 50, 61, 88, 106, 192, 202, 212, 219, 220, 229, 230, 239, 258], "summary": {"covered_lines": 21, "num_statements": 21, "percent_covered": 100.0, "percent_covered_display": "100", "missing_lines": 0, "excluded_lines": 0}, "missing_lines": [], "excluded_lines": []}}, "classes": {"BruteForceIndex": {"executed_lines": [57, 58, 59, 74, 75, 76, 79, 80, 86, 100, 101, 102, 103, 104, 136, 137, 138, 140, 141, 144, 145, 152, 153, 156, 159, 162, 165, 166, 167, 168, 171, 175, 177, 179, 182, 185, 190, 200, 209, 210, 216, 217, 227, 237, 250, 251], "summary": {"covered_lines": 46, "num_statements": 51, "percent_covered": 90.19607843137256, "percent_covered_display": "90", "missing_lines": 5, "excluded_lines": 0}, "missing_lines": [81, 82, 146, 172, 260], "excluded_lines": []}, "": {"executed_lines": [1, 16, 17, 18, 19, 20, 22, 23, 26, 27, 50, 61, 88, 106, 192, 202, 212, 219, 220, 229, 230, 239, 258], "summary": {"covered_lines": 21, "num_statements": 21, "percent_covered": 100.0, "percent_covered_display": "100", "missing_lines": 0, "excluded_lines": 0}, "missing_lines": [], "excluded_lines": []}}}, "infrastructure/indexes/hnsw.py": {"executed_lines": [1, 16, 17, 18, 19, 20, 21, 22, 24, 25, 28, 29, 30, 37, 38, 39, 41, 44, 45, 75, 101, 103, 107, 110, 111, 112, 113, 114, 115, 116, 117, 118, 119, 122, 123, 125, 141, 142, 143, 146, 147, 154, 157, 165, 166, 167, 168, 171, 174, 176, 185, 186, 187, 190, 193, 194, 199, 201, 206, 207, 210, 211, 214, 215, 216, 218, 221, 222, 225, 226, 228, 250, 253, 254, 255, 258, 260, 261, 264, 265, 268, 269, 271, 272, 273, 275, 278, 279, 280, 283, 284, 287, 289, 306, 307, 309, 317, 318, 320, 321, 324, 328, 335, 336, 339, 341, 342, 344, 346, 358, 359, 360, 362, 365, 366, 373, 376, 377, 384, 386, 388, 410, 411, 412, 414, 418, 419, 426, 427, 430, 431, 432, 433, 436, 441, 442, 449, 451, 455, 456, 458, 462, 465, 467, 473, 474, 475, 476, 478, 485, 486, 490, 496, 497, 500, 501, 503, 505, 506, 508, 510, 511, 512, 514, 515, 517, 519, 520, 522, 524, 564], "summary": {"covered_lines": 168, "num_statements": 191, "percent_covered": 87.95811518324608, "percent_covered_display": "88", "missing_lines": 23, "excluded_lines": 0}, "missing_lines": [102, 104, 108, 148, 149, 367, 368, 379, 415, 420, 487, 526, 527, 528, 539, 540, 541, 542, 545, 549, 551, 566, 567], "excluded_lines": [], "functions": {"HNSWIndex.__init__": {"executed_lines": [101, 103, 107, 110, 111, 112, 113, 114, 115, 116, 117, 118, 119, 122, 123], "summary": {"covered_lines": 15, "num_statements": 18, "percent_covered": 83.33333333333333, "percent_covered_display": "83", "missing_lines": 3, "excluded_lines": 0}, "missing_lines": [102, 104, 108], "excluded_lines": []}, "HNSWIndex.add_vector": {"executed_lines": [141, 142, 143, 146, 147, 154, 157, 165, 166, 167, 168, 171, 174], "summary": {"covered_lines": 13, "num_statements": 15, "percent_covered": 86.66666666666667, "percent_covered_display": "87", "missing_lines": 2, "excluded_lines": 0}, "missing_lines": [148, 149], "excluded_lines": []}, "HNSWIndex._insert_node": {"executed_lines": [185, 186, 187, 190, 193, 194, 199, 201, 206, 207, 210, 211, 214, 215, 216, 218, 221, 222, 225, 226], "summary": {"covered_lines": 20, "num_statements": 20, "percent_covered": 100.0, "percent_covered_display": "100", "missing_lines": 0, "excluded_lines": 0}, "missing_lines": [], "excluded_lines": []}, "HNSWIndex._search_layer": {"executed_lines": [250, 253, 254, 255, 258, 260, 261, 264, 265, 268, 269, 271, 272, 273, 275, 278, 279, 280, 283, 284, 287], "summary": {"covered_lines": 21, "num_statements": 21, "percent_covered": 100.0, "percent_covered_display": "100", "missing_lines": 0, "excluded_lines": 0}, "missing_lines": [], "excluded_lines": []}, "HNSWIndex._select_neighbors": {"executed_lines": [306, 307], "summary": {"covered_lines": 2, "num_statements": 2, "percent_covered": 100.0, "percent_covered_display": "100", "missing_lines": 0, "excluded_lines": 0}, "missing_lines": [], "excluded_lines": []}, "HNSWIndex._prune_connections": {"executed_lines": [317, 318, 320, 321, 324, 328, 335, 336, 339, 341, 342, 344], "summary": {"covered_lines": 12, "num_statements": 12, "percent_covered": 100.0, "percent_covered_display": "100", "missing_lines": 0, "excluded_lines": 0}, "missing_lines": [], "excluded_lines": []}, "HNSWIndex.remove_vector": {"executed_lines": [358, 359, 360, 362, 365, 366, 373, 376, 377, 384, 386], "summary": {"covered_lines": 11, "num_statements": 14, "percent_covered": 78.57142857142857, "percent_covered_display": "79", "missing_lines": 3, "excluded_lines": 0}, "missing_lines": [367, 368, 379], "excluded_lines": []}, "HNSWIndex.search": {"executed_lines": [410, 411, 412, 414, 418, 419, 426, 427, 430, 431, 432, 433, 436, 441, 442, 449], "summary": {"covered_lines": 16, "num_statements": 18, "percent_covered": 88.88888888888889, "percent_covered_display": "89", "missing_lines": 2, "excluded_lines": 0}, "missing_lines": [415, 420], "excluded_lines": []}, "HNSWIndex._compute_distance": {"executed_lines": [455, 456], "summary": {"covered_lines": 2, "num_statements": 2, "percent_covered": 100.0, "percent_covered_display": "100", "missing_lines": 0, "excluded_lines": 0}, "missing_lines": [], "excluded_lines": []}, "HNSWIndex._compute_distance_by_id": {"executed_lines": [462, 465], "summary": {"covered_lines": 2, "num_statements": 2, "percent_covered": 100.0, "percent_covered_display": "100", "missing_lines": 0, "excluded_lines": 0}, "missing_lines": [], "excluded_lines": []}, "HNSWIndex._random_level": {"executed_lines": [473, 474, 475, 476], "summary": {"covered_lines": 4, "num_statements": 4, "percent_covered": 100.0, "percent_covered_display": "100", "missing_lines": 0, "excluded_lines": 0}, "missing_lines": [], "excluded_lines": []}, "HNSWIndex.rebuild": {"executed_lines": [485, 486, 490, 496, 497, 500, 501], "summary": {"covered_lines": 7, "num_statements": 8, "percent_covered": 87.5, "percent_covered_display": "88", "missing_lines": 1, "excluded_lines": 0}, "missing_lines": [487], "excluded_lines": []}, "HNSWIndex.size": {"executed_lines": [505, 506], "summary": {"covered_lines": 2, "num_statements": 2, "percent_covered": 100.0, "percent_covered_display": "100", "missing_lines": 0, "excluded_lines": 0}, "missing_lines": [], "excluded_lines": []}, "HNSWIndex.clear": {"executed_lines": [510, 511, 512], "summary": {"covered_lines": 3, "num_statements": 3, "percent_covered": 100.0, "percent_covered_display": "100", "missing_lines": 0, "excluded_lines": 0}, "missing_lines": [], "excluded_lines": []}, "HNSWIndex.supports_incremental_updates": {"executed_lines": [517], "summary": {"covered_lines": 1, "num_statements": 1, "percent_covered": 100.0, "percent_covered_display": "100", "missing_lines": 0, "excluded_lines": 0}, "missing_lines": [], "excluded_lines": []}, "HNSWIndex.index_type": {"executed_lines": [522], "summary": {"covered_lines": 1, "num_statements": 1, "percent_covered": 100.0, "percent_covered_display": "100", "missing_lines": 0, "excluded_lines": 0}, "missing_lines": [], "excluded_lines": []}, "HNSWIndex.get_statistics": {"executed_lines": [], "summary": {"covered_lines": 0, "num_statements": 10, "percent_covered": 0.0, "percent_covered_display": "0", "missing_lines": 10, "excluded_lines": 0}, "missing_lines": [526, 527, 528, 539, 540, 541, 542, 545, 549, 551], "excluded_lines": []}, "HNSWIndex.__repr__": {"executed_lines": [], "summary": {"covered_lines": 0, "num_statements": 2, "percent_covered": 0.0, "percent_covered_display": "0", "missing_lines": 2, "excluded_lines": 0}, "missing_lines": [566, 567], "excluded_lines": []}, "": {"executed_lines": [1, 16, 17, 18, 19, 20, 21, 22, 24, 25, 28, 29, 30, 37, 38, 39, 41, 44, 45, 75, 125, 176, 228, 289, 309, 346, 388, 451, 458, 467, 478, 503, 508, 514, 515, 519, 520, 524, 564], "summary": {"covered_lines": 36, "num_statements": 36, "percent_covered": 100.0, "percent_covered_display": "100", "missing_lines": 0, "excluded_lines": 0}, "missing_lines": [], "excluded_lines": []}}, "classes": {"HNSWNode": {"executed_lines": [], "summary": {"covered_lines": 0, "num_statements": 0, "percent_covered": 100.0, "percent_covered_display": "100", "missing_lines": 0, "excluded_lines": 0}, "missing_lines": [], "excluded_lines": []}, "HNSWIndex": {"executed_lines": [101, 103, 107, 110, 111, 112, 113, 114, 115, 116, 117, 118, 119, 122, 123, 141, 142, 143, 146, 147, 154, 157, 165, 166, 167, 168, 171, 174, 185, 186, 187, 190, 193, 194, 199, 201, 206, 207, 210, 211, 214, 215, 216, 218, 221, 222, 225, 226, 250, 253, 254, 255, 258, 260, 261, 264, 265, 268, 269, 271, 272, 273, 275, 278, 279, 280, 283, 284, 287, 306, 307, 317, 318, 320, 321, 324, 328, 335, 336, 339, 341, 342, 344, 358, 359, 360, 362, 365, 366, 373, 376, 377, 384, 386, 410, 411, 412, 414, 418, 419, 426, 427, 430, 431, 432, 433, 436, 441, 442, 449, 455, 456, 462, 465, 473, 474, 475, 476, 485, 486, 490, 496, 497, 500, 501, 505, 506, 510, 511, 512, 517, 522], "summary": {"covered_lines": 132, "num_statements": 155, "percent_covered": 85.16129032258064, "percent_covered_display": "85", "missing_lines": 23, "excluded_lines": 0}, "missing_lines": [102, 104, 108, 148, 149, 367, 368, 379, 415, 420, 487, 526, 527, 528, 539, 540, 541, 542, 545, 549, 551, 566, 567], "excluded_lines": []}, "": {"executed_lines": [1, 16, 17, 18, 19, 20, 21, 22, 24, 25, 28, 29, 30, 37, 38, 39, 41, 44, 45, 75, 125, 176, 228, 289, 309, 346, 388, 451, 458, 467, 478, 503, 508, 514, 515, 519, 520, 524, 564], "summary": {"covered_lines": 36, "num_statements": 36, "percent_covered": 100.0, "percent_covered_display": "100", "missing_lines": 0, "excluded_lines": 0}, "missing_lines": [], "excluded_lines": []}}}, "infrastructure/indexes/kd_tree.py": {"executed_lines": [1, 17, 18, 19, 20, 21, 22, 23, 25, 26, 29, 30, 31, 38, 39, 40, 41, 42, 45, 46, 69, 78, 79, 80, 81, 82, 83, 85, 100, 101, 102, 105, 106, 112, 113, 116, 120, 122, 134, 135, 136, 138, 139, 142, 148, 150, 173, 174, 175, 177, 181, 182, 191, 193, 198, 202, 204, 222, 223, 226, 229, 230, 233, 238, 239, 240, 241, 246, 247, 248, 250, 253, 257, 262, 263, 264, 266, 268, 269, 271, 280, 281, 287, 288, 291, 292, 294, 311, 315, 318, 319, 322, 323, 326, 327, 334, 335, 337, 338, 339, 340, 342, 343, 344, 345, 347, 349, 351, 352, 354, 356, 357, 358, 359, 361, 362, 369, 371, 372, 374, 376, 396, 405], "summary": {"covered_lines": 120, "num_statements": 138, "percent_covered": 86.95652173913044, "percent_covered_display": "87", "missing_lines": 18, "excluded_lines": 0}, "missing_lines": [107, 108, 146, 178, 183, 235, 282, 283, 284, 312, 383, 384, 386, 398, 399, 400, 407, 408], "excluded_lines": [], "functions": {"KDTreeIndex.__init__": {"executed_lines": [78, 79, 80, 81, 82, 83], "summary": {"covered_lines": 6, "num_statements": 6, "percent_covered": 100.0, "percent_covered_display": "100", "missing_lines": 0, "excluded_lines": 0}, "missing_lines": [], "excluded_lines": []}, "KDTreeIndex.add_vector": {"executed_lines": [100, 101, 102, 105, 106, 112, 113, 116, 120], "summary": {"covered_lines": 9, "num_statements": 11, "percent_covered": 81.81818181818181, "percent_covered_display": "82", "missing_lines": 2, "excluded_lines": 0}, "missing_lines": [107, 108], "excluded_lines": []}, "KDTreeIndex.remove_vector": {"executed_lines": [134, 135, 136, 138, 139, 142, 148], "summary": {"covered_lines": 7, "num_statements": 8, "percent_covered": 87.5, "percent_covered_display": "88", "missing_lines": 1, "excluded_lines": 0}, "missing_lines": [146], "excluded_lines": []}, "KDTreeIndex.search": {"executed_lines": [173, 174, 175, 177, 181, 182, 191, 193, 198, 202], "summary": {"covered_lines": 10, "num_statements": 12, "percent_covered": 83.33333333333333, "percent_covered_display": "83", "missing_lines": 2, "excluded_lines": 0}, "missing_lines": [178, 183], "excluded_lines": []}, "KDTreeIndex._search_recursive": {"executed_lines": [222, 223, 226, 229, 230, 233, 238, 239, 240, 241, 246, 247, 248, 250, 253, 257, 262, 263, 264, 266, 268, 269], "summary": {"covered_lines": 22, "num_statements": 23, "percent_covered": 95.65217391304348, "percent_covered_display": "96", "missing_lines": 1, "excluded_lines": 0}, "missing_lines": [235], "excluded_lines": []}, "KDTreeIndex.rebuild": {"executed_lines": [280, 281, 287, 288, 291, 292], "summary": {"covered_lines": 6, "num_statements": 9, "percent_covered": 66.66666666666667, "percent_covered_display": "67", "missing_lines": 3, "excluded_lines": 0}, "missing_lines": [282, 283, 284], "excluded_lines": []}, "KDTreeIndex._build_tree": {"executed_lines": [311, 315, 318, 319, 322, 323, 326, 327, 334, 335, 337, 338, 339, 340, 342, 343, 344, 345, 347], "summary": {"covered_lines": 19, "num_statements": 20, "percent_covered": 95.0, "percent_covered_display": "95", "missing_lines": 1, "excluded_lines": 0}, "missing_lines": [312], "excluded_lines": []}, "KDTreeIndex.size": {"executed_lines": [351, 352], "summary": {"covered_lines": 2, "num_statements": 2, "percent_covered": 100.0, "percent_covered_display": "100", "missing_lines": 0, "excluded_lines": 0}, "missing_lines": [], "excluded_lines": []}, "KDTreeIndex.clear": {"executed_lines": [356, 357, 358, 359], "summary": {"covered_lines": 4, "num_statements": 4, "percent_covered": 100.0, "percent_covered_display": "100", "missing_lines": 0, "excluded_lines": 0}, "missing_lines": [], "excluded_lines": []}, "KDTreeIndex.supports_incremental_updates": {"executed_lines": [369], "summary": {"covered_lines": 1, "num_statements": 1, "percent_covered": 100.0, "percent_covered_display": "100", "missing_lines": 0, "excluded_lines": 0}, "missing_lines": [], "excluded_lines": []}, "KDTreeIndex.index_type": {"executed_lines": [374], "summary": {"covered_lines": 1, "num_statements": 1, "percent_covered": 100.0, "percent_covered_display": "100", "missing_lines": 0, "excluded_lines": 0}, "missing_lines": [], "excluded_lines": []}, "KDTreeIndex.get_statistics": {"executed_lines": [], "summary": {"covered_lines": 0, "num_statements": 3, "percent_covered": 0.0, "percent_covered_display": "0", "missing_lines": 3, "excluded_lines": 0}, "missing_lines": [383, 384, 386], "excluded_lines": []}, "KDTreeIndex._compute_tree_depth": {"executed_lines": [], "summary": {"covered_lines": 0, "num_statements": 3, "percent_covered": 0.0, "percent_covered_display": "0", "missing_lines": 3, "excluded_lines": 0}, "missing_lines": [398, 399, 400], "excluded_lines": []}, "KDTreeIndex.__repr__": {"executed_lines": [], "summary": {"covered_lines": 0, "num_statements": 2, "percent_covered": 0.0, "percent_covered_display": "0", "missing_lines": 2, "excluded_lines": 0}, "missing_lines": [407, 408], "excluded_lines": []}, "": {"executed_lines": [1, 17, 18, 19, 20, 21, 22, 23, 25, 26, 29, 30, 31, 38, 39, 40, 41, 42, 45, 46, 69, 85, 122, 150, 204, 271, 294, 349, 354, 361, 362, 371, 372, 376, 396, 405], "summary": {"covered_lines": 33, "num_statements": 33, "percent_covered": 100.0, "percent_covered_display": "100", "missing_lines": 0, "excluded_lines": 0}, "missing_lines": [], "excluded_lines": []}}, "classes": {"KDNode": {"executed_lines": [], "summary": {"covered_lines": 0, "num_statements": 0, "percent_covered": 100.0, "percent_covered_display": "100", "missing_lines": 0, "excluded_lines": 0}, "missing_lines": [], "excluded_lines": []}, "KDTreeIndex": {"executed_lines": [78, 79, 80, 81, 82, 83, 100, 101, 102, 105, 106, 112, 113, 116, 120, 134, 135, 136, 138, 139, 14
[...]
 "0", "missing_lines": 5, "excluded_lines": 0}, "missing_lines": [81, 82, 83, 84, 85], "excluded_lines": []}, "SnapshotManager.create_snapshot": {"executed_lines": [], "summary": {"covered_lines": 0, "num_statements": 20, "percent_covered": 0.0, "percent_covered_display": "0", "missing_lines": 20, "excluded_lines": 0}, "missing_lines": [103, 104, 105, 108, 109, 111, 113, 115, 116, 118, 120, 123, 124, 129, 131, 133, 134, 136, 137, 138], "excluded_lines": []}, "SnapshotManager.load_latest_snapshot": {"executed_lines": [], "summary": {"covered_lines": 0, "num_statements": 15, "percent_covered": 0.0, "percent_covered_display": "0", "missing_lines": 15, "excluded_lines": 0}, "missing_lines": [150, 151, 153, 154, 155, 157, 158, 160, 161, 162, 164, 167, 169, 170, 171], "excluded_lines": []}, "SnapshotManager.load_snapshot": {"executed_lines": [], "summary": {"covered_lines": 0, "num_statements": 9, "percent_covered": 0.0, "percent_covered_display": "0", "missing_lines": 9, "excluded_lines": 0}, "missing_lines": [187, 188, 190, 191, 193, 195, 196, 198, 199], "excluded_lines": []}, "SnapshotManager.list_snapshots": {"executed_lines": [], "summary": {"covered_lines": 0, "num_statements": 12, "percent_covered": 0.0, "percent_covered_display": "0", "missing_lines": 12, "excluded_lines": 0}, "missing_lines": [211, 212, 214, 215, 216, 220, 221, 222, 225, 226, 228, 236], "excluded_lines": []}, "SnapshotManager.delete_snapshot": {"executed_lines": [], "summary": {"covered_lines": 0, "num_statements": 7, "percent_covered": 0.0, "percent_covered_display": "0", "missing_lines": 7, "excluded_lines": 0}, "missing_lines": [248, 249, 251, 252, 254, 255, 256], "excluded_lines": []}, "SnapshotManager._cleanup_old_snapshots": {"executed_lines": [], "summary": {"covered_lines": 0, "num_statements": 8, "percent_covered": 0.0, "percent_covered_display": "0", "missing_lines": 8, "excluded_lines": 0}, "missing_lines": [264, 266, 267, 270, 271, 272, 273, 275], "excluded_lines": []}, "SnapshotManager.__repr__": {"executed_lines": [], "summary": {"covered_lines": 0, "num_statements": 3, "percent_covered": 0.0, "percent_covered_display": "0", "missing_lines": 3, "excluded_lines": 0}, "missing_lines": [282, 283, 284], "excluded_lines": []}, "": {"executed_lines": [], "summary": {"covered_lines": 0, "num_statements": 22, "percent_covered": 0.0, "percent_covered_display": "0", "missing_lines": 22, "excluded_lines": 0}, "missing_lines": [9, 10, 11, 12, 13, 14, 15, 17, 20, 31, 42, 46, 47, 54, 67, 87, 140, 173, 201, 238, 258, 280], "excluded_lines": []}}, "classes": {"Snapshot": {"executed_lines": [], "summary": {"covered_lines": 0, "num_statements": 4, "percent_covered": 0.0, "percent_covered_display": "0", "missing_lines": 4, "excluded_lines": 0}, "missing_lines": [39, 40, 44, 49], "excluded_lines": []}, "SnapshotManager": {"executed_lines": [], "summary": {"covered_lines": 0, "num_statements": 79, "percent_covered": 0.0, "percent_covered_display": "0", "missing_lines": 79, "excluded_lines": 0}, "missing_lines": [81, 82, 83, 84, 85, 103, 104, 105, 108, 109, 111, 113, 115, 116, 118, 120, 123, 124, 129, 131, 133, 134, 136, 137, 138, 150, 151, 153, 154, 155, 157, 158, 160, 161, 162, 164, 167, 169, 170, 171, 187, 188, 190, 191, 193, 195, 196, 198, 199, 211, 212, 214, 215, 216, 220, 221, 222, 225, 226, 228, 236, 248, 249, 251, 252, 254, 255, 256, 264, 266, 267, 270, 271, 272, 273, 275, 282, 283, 284], "excluded_lines": []}, "": {"executed_lines": [], "summary": {"covered_lines": 0, "num_statements": 22, "percent_covered": 0.0, "percent_covered_display": "0", "missing_lines": 22, "excluded_lines": 0}, "missing_lines": [9, 10, 11, 12, 13, 14, 15, 17, 20, 31, 42, 46, 47, 54, 67, 87, 140, 173, 201, 238, 258, 280], "excluded_lines": []}}}, "infrastructure/persistence/wal.py": {"executed_lines": [], "summary": {"covered_lines": 0, "num_statements": 146, "percent_covered": 0.0, "percent_covered_display": "0", "missing_lines": 146, "excluded_lines": 0}, "missing_lines": [8, 9, 10, 11, 12, 13, 14, 16, 19, 22, 23, 24, 25, 26, 27, 30, 37, 51, 52, 53, 55, 57, 63, 64, 66, 72, 74, 76, 77, 79, 82, 95, 110, 111, 112, 113, 114, 117, 118, 119, 120, 123, 125, 128, 130, 132, 133, 136, 137, 140, 141, 143, 149, 151, 154, 155, 158, 161, 162, 165, 168, 170, 172, 182, 184, 185, 188, 189, 192, 193, 196, 197, 198, 200, 202, 204, 205, 206, 208, 218, 219, 221, 231, 232, 235, 237, 238, 239, 240, 241, 242, 243, 244, 245, 246, 247, 251, 253, 254, 255, 257, 258, 260, 276, 278, 279, 280, 282, 283, 285, 287, 289, 290, 291, 292, 293, 295, 296, 297, 298, 300, 301, 303, 304, 307, 308, 309, 310, 311, 314, 315, 318, 320, 321, 323, 325, 326, 327, 328, 329, 331, 333, 335, 337, 339, 341], "excluded_lines": [], "functions": {"WALEntry.__init__": {"executed_lines": [], "summary": {"covered_lines": 0, "num_statements": 3, "percent_covered": 0.0, "percent_covered_display": "0", "missing_lines": 3, "excluded_lines": 0}, "missing_lines": [51, 52, 53], "excluded_lines": []}, "WALEntry.to_dict": {"executed_lines": [], "summary": {"covered_lines": 0, "num_statements": 1, "percent_covered": 0.0, "percent_covered_display": "0", "missing_lines": 1, "excluded_lines": 0}, "missing_lines": [57], "excluded_lines": []}, "WALEntry.from_dict": {"executed_lines": [], "summary": {"covered_lines": 0, "num_statements": 1, "percent_covered": 0.0, "percent_covered_display": "0", "missing_lines": 1, "excluded_lines": 0}, "missing_lines": [66], "excluded_lines": []}, "WALEntry.to_json": {"executed_lines": [], "summary": {"covered_lines": 0, "num_statements": 1, "percent_covered": 0.0, "percent_covered_display": "0", "missing_lines": 1, "excluded_lines": 0}, "missing_lines": [74], "excluded_lines": []}, "WALEntry.from_json": {"executed_lines": [], "summary": {"covered_lines": 0, "num_statements": 1, "percent_covered": 0.0, "percent_covered_display": "0", "missing_lines": 1, "excluded_lines": 0}, "missing_lines": [79], "excluded_lines": []}, "WriteAheadLog.__init__": {"executed_lines": [], "summary": {"covered_lines": 0, "num_statements": 10, "percent_covered": 0.0, "percent_covered_display": "0", "missing_lines": 10, "excluded_lines": 0}, "missing_lines": [110, 111, 112, 113, 114, 117, 118, 119, 120, 123], "excluded_lines": []}, "WriteAheadLog._initialize": {"executed_lines": [], "summary": {"covered_lines": 0, "num_statements": 10, "percent_covered": 0.0, "percent_covered_display": "0", "missing_lines": 10, "excluded_lines": 0}, "missing_lines": [128, 130, 132, 133, 136, 137, 140, 141, 143, 149], "excluded_lines": []}, "WriteAheadLog._rotate_file": {"executed_lines": [], "summary": {"covered_lines": 0, "num_statements": 8, "percent_covered": 0.0, "percent_covered_display": "0", "missing_lines": 8, "excluded_lines": 0}, "missing_lines": [154, 155, 158, 161, 162, 165, 168, 170], "excluded_lines": []}, "WriteAheadLog.append": {"executed_lines": [], "summary": {"covered_lines": 0, "num_statements": 15, "percent_covered": 0.0, "percent_covered_display": "0", "missing_lines": 15, "excluded_lines": 0}, "missing_lines": [182, 184, 185, 188, 189, 192, 193, 196, 197, 198, 200, 202, 204, 205, 206], "excluded_lines": []}, "WriteAheadLog.append_operation": {"executed_lines": [], "summary": {"covered_lines": 0, "num_statements": 2, "percent_covered": 0.0, "percent_covered_display": "0", "missing_lines": 2, "excluded_lines": 0}, "missing_lines": [218, 219], "excluded_lines": []}, "WriteAheadLog.read_all": {"executed_lines": [], "summary": {"covered_lines": 0, "num_statements": 20, "percent_covered": 0.0, "percent_covered_display": "0", "missing_lines": 20, "excluded_lines": 0}, "missing_lines": [231, 232, 235, 237, 238, 239, 240, 241, 242, 243, 244, 245, 246, 247, 251, 253, 254, 255, 257, 258], "excluded_lines": []}, "WriteAheadLog.truncate_before": {"executed_lines": [], "summary": {"covered_lines": 0, "num_statements": 31, "percent_covered": 0.0, "percent_covered_display": "0", "missing_lines": 31, "excluded_lines": 0}, "missing_lines": [276, 278, 279, 280, 282, 283, 285, 287, 289, 290, 291, 292, 293, 295, 296, 297, 298, 300, 301, 303, 304, 307, 308, 309, 310, 311, 314, 315, 318, 320, 321], "excluded_lines": []}, "WriteAheadLog.close": {"executed_lines": [], "summary": {"covered_lines": 0, "num_statements": 5, "percent_covered": 0.0, "percent_covered_display": "0", "missing_lines": 5, "excluded_lines": 0}, "missing_lines": [325, 326, 327, 328, 329], "excluded_lines": []}, "WriteAheadLog.__enter__": {"executed_lines": [], "summary": {"covered_lines": 0, "num_statements": 1, "percent_covered": 0.0, "percent_covered_display": "0", "missing_lines": 1, "excluded_lines": 0}, "missing_lines": [333], "excluded_lines": []}, "WriteAheadLog.__exit__": {"executed_lines": [], "summary": {"covered_lines": 0, "num_statements": 1, "percent_covered": 0.0, "percent_covered_display": "0", "missing_lines": 1, "excluded_lines": 0}, "missing_lines": [337], "excluded_lines": []}, "WriteAheadLog.__repr__": {"executed_lines": [], "summary": {"covered_lines": 0, "num_statements": 1, "percent_covered": 0.0, "percent_covered_display": "0", "missing_lines": 1, "excluded_lines": 0}, "missing_lines": [341], "excluded_lines": []}, "": {"executed_lines": [], "summary": {"covered_lines": 0, "num_statements": 35, "percent_covered": 0.0, "percent_covered_display": "0", "missing_lines": 35, "excluded_lines": 0}, "missing_lines": [8, 9, 10, 11, 12, 13, 14, 16, 19, 22, 23, 24, 25, 26, 27, 30, 37, 55, 63, 64, 72, 76, 77, 82, 95, 125, 151, 172, 208, 221, 260, 323, 331, 335, 339], "excluded_lines": []}}, "classes": {"OperationType": {"executed_lines": [], "summary": {"covered_lines": 0, "num_statements": 0, "percent_covered": 100.0, "percent_covered_display": "100", "missing_lines": 0, "excluded_lines": 0}, "missing_lines": [], "excluded_lines": []}, "WALEntry": {"executed_lines": [], "summary": {"covered_lines": 0, "num_statements": 7, "percent_covered": 0.0, "percent_covered_display": "0", "missing_lines": 7, "excluded_lines": 0}, "missing_lines": [51, 52, 53, 57, 66, 74, 79], "excluded_lines": []}, "WriteAheadLog": {"executed_lines": [], "summary": {"covered_lines": 0, "num_statements": 104, "percent_covered": 0.0, "percent_covered_display": "0", "missing_lines": 104, "excluded_lines": 0}, "missing_lines": [110, 111, 112, 113, 114, 117, 118, 119, 120, 123, 128, 130, 132, 133, 136, 137, 140, 141, 143, 149, 154, 155, 158, 161, 162, 165, 168, 170, 182, 184, 185, 188, 189, 192, 193, 196, 197, 198, 200, 202, 204, 205, 206, 218, 219, 231, 232, 235, 237, 238, 239, 240, 241, 242, 243, 244, 245, 246, 247, 251, 253, 254, 255, 257, 258, 276, 278, 279, 280, 282, 283, 285, 287, 289, 290, 291, 292, 293, 295, 296, 297, 298, 300, 301, 303, 304, 307, 308, 309, 310, 311, 314, 315, 318, 320, 321, 325, 326, 327, 328, 329, 333, 337, 341], "excluded_lines": []}, "": {"executed_lines": [], "summary": {"covered_lines": 0, "num_statements": 35, "percent_covered": 0.0, "percent_covered_display": "0", "missing_lines": 35, "excluded_lines": 0}, "missing_lines": [8, 9, 10, 11, 12, 13, 14, 16, 19, 22, 23, 24, 25, 26, 27, 30, 37, 55, 63, 64, 72, 76, 77, 82, 95, 125, 151, 172, 208, 221, 260, 323, 331, 335, 339], "excluded_lines": []}}}, "infrastructure/repositories/__init__.py": {"executed_lines": [1], "summary": {"covered_lines": 0, "num_statements": 0, "percent_covered": 100.0, "percent_covered_display": "100", "missing_lines": 0, "excluded_lines": 0}, "missing_lines": [], "excluded_lines": [], "functions": {"": {"executed_lines": [], "summary": {"covered_lines": 0, "num_statements": 0, "percent_covered": 100.0, "percent_covered_display": "100", "missing_lines": 0, "excluded_lines": 0}, "missing_lines": [], "excluded_lines": []}}, "classes": {"": {"executed_lines": [], "summary": {"covered_lines": 0, "num_statements": 0, "percent_covered": 100.0, "percent_covered_display": "100", "missing_lines": 0, "excluded_lines": 0}, "missing_lines": [], "excluded_lines": []}}}, "infrastructure/repositories/library_repository.py": {"executed_lines": [1, 9, 10, 11, 12, 14, 15, 16, 17, 18, 19, 20, 21, 22, 25, 26, 28, 31, 32, 34, 37, 38, 40, 43, 44, 46, 49, 50, 63, 70, 71, 74, 75, 76, 77, 80, 81, 84, 86, 99, 100, 104, 105, 107, 115, 119, 124, 125, 126, 127, 130, 133, 135, 148, 149, 150, 152, 154, 161, 162, 164, 174, 175, 176, 178, 181, 182, 183, 185, 186, 187, 190, 191, 192, 193, 194, 196, 198, 213, 214, 215, 217, 220, 222, 224, 235, 236, 237, 240, 243, 245, 246, 247, 248, 253, 256, 259, 261, 274, 275, 276, 278, 279, 282, 283, 284, 286, 288, 298, 299, 300, 302, 303, 304, 305, 308, 309, 310, 311, 312, 313, 315, 319, 321, 324, 327, 328, 331, 333, 335, 358, 359, 362, 363, 364, 367, 368, 373, 376, 377, 379, 380, 384, 385, 387, 388, 389, 390, 391, 393, 395, 408, 409, 412, 413, 414, 416, 418, 429, 445, 447, 448, 458], "summary": {"covered_lines": 157, "num_statements": 174, "percent_covered": 90.22988505747126, "percent_covered_display": "90", "missing_lines": 17, "excluded_lines": 0}, "missing_lines": [101, 131, 316, 360, 369, 370, 381, 410, 449, 450, 451, 452, 453, 454, 456, 460, 461], "excluded_lines": [], "functions": {"LibraryRepository.__init__": {"executed_lines": [70, 71, 74, 75, 76, 77, 80, 81, 84], "summary": {"covered_lines": 9, "num_statements": 9, "percent_covered": 100.0, "percent_covered_display": "100", "missing_lines": 0, "excluded_lines": 0}, "missing_lines": [], "excluded_lines": []}, "LibraryRepository.create_library": {"executed_lines": [99, 100, 104, 105, 107, 115, 119, 124, 125, 126, 127, 130, 133], "summary": {"covered_lines": 13, "num_statements": 15, "percent_covered": 86.66666666666667, "percent_covered_display": "87", "missing_lines": 2, "excluded_lines": 0}, "missing_lines": [101, 131], "excluded_lines": []}, "LibraryRepository.get_library": {"executed_lines": [148, 149, 150, 152], "summary": {"covered_lines": 4, "num_statements": 4, "percent_covered": 100.0, "percent_covered_display": "100", "missing_lines": 0, "excluded_lines": 0}, "missing_lines": [], "excluded_lines": []}, "LibraryRepository.list_libraries": {"executed_lines": [161, 162], "summary": {"covered_lines": 2, "num_statements": 2, "percent_covered": 100.0, "percent_covered_display": "100", "missing_lines": 0, "excluded_lines": 0}, "missing_lines": [], "excluded_lines": []}, "LibraryRepository.delete_library": {"executed_lines": [174, 175, 176, 178, 181, 182, 183, 185, 186, 187, 190, 191, 192, 193, 194, 196], "summary": {"covered_lines": 16, "num_statements": 16, "percent_covered": 100.0, "percent_covered_display": "100", "missing_lines": 0, "excluded_lines": 0}, "missing_lines": [], "excluded_lines": []}, "LibraryRepository.add_document": {"executed_lines": [213, 214, 215, 217, 220, 222], "summary": {"covered_lines": 6, "num_statements": 6, "percent_covered": 100.0, "percent_covered_display": "100", "missing_lines": 0, "excluded_lines": 0}, "missing_lines": [], "excluded_lines": []}, "LibraryRepository._add_document_internal": {"executed_lines": [235, 236, 237, 240, 243, 245, 246, 247, 248, 253, 256, 259], "summary": {"covered_lines": 12, "num_statements": 12, "percent_covered": 100.0, "percent_covered_display": "100", "missing_lines": 0, "excluded_lines": 0}, "missing_lines": [], "excluded_lines": []}, "LibraryRepository.get_document": {"executed_lines": [274, 275, 276, 278, 279, 282, 283, 284, 286], "summary": {"covered_lines": 9, "num_statements": 9, "percent_covered": 100.0, "percent_covered_display": "100", "missing_lines": 0, "excluded_lines": 0}, "missing_lines": [], "excluded_lines": []}, "LibraryRepository.delete_document": {"executed_lines": [298, 299, 300, 302, 303, 304, 305, 308, 309, 310, 311, 312, 313, 315, 319, 321, 324, 327, 328, 331, 333], "summary": {"covered_lines": 21, "num_statements": 22, "percent_covered": 95.45454545454545, "percent_covered_display": "95", "missing_lines": 1, "excluded_lines": 0}, "missing_lines": [316], "excluded_lines": []}, "LibraryRepository.search": {"executed_lines": [358, 359, 362, 363, 364, 367, 368, 373, 376, 377, 379, 380, 384, 385, 387, 388, 389, 390, 391, 393], "summary": {"covered_lines": 20, "num_statements": 24, "percent_covered": 83.33333333333333, "percent_covered_display": "83", "missing_lines": 4, "excluded_lines": 0}, "missing_lines": [360, 369, 370, 381], "excluded_lines": []}, "LibraryRepository.get_library_statistics": {"executed_lines": [408, 409, 412, 413, 414, 416, 418], "summary": {"covered_lines": 7, "num_statements": 8, "percent_covered": 87.5, "percent_covered_display": "88", "missing_lines": 1, "excluded_lines": 0}, "missing_lines": [410], "excluded_lines": []}, "LibraryRepository._create_index": {"executed_lines": [445, 447, 448], "summary": {"covered_lines": 3, "num_statements": 10, "percent_covered": 30.0, "percent_covered_display": "30", "missing_lines": 7, "excluded_lines": 0}, "missing_lines": [449, 450, 451, 452, 453, 454, 456], "excluded_lines": []}, "LibraryRepository.__repr__": {"executed_lines": [], "summary": {"covered_lines": 0, "num_statements": 2, "percent_covered": 0.0, "percent_covered_display": "0", "missing_lines": 2, "excluded_lines": 0}, "missing_lines": [460, 461], "excluded_lines": []}, "": {"executed_lines": [1, 9, 10, 11, 12, 14, 15, 16, 17, 18, 19, 20, 21, 22, 25, 26, 28, 31, 32, 34, 37, 38, 40, 43, 44, 46, 49, 50, 63, 86, 135, 154, 164, 198, 224, 261, 288, 335, 395, 429, 458], "summary": {"covered_lines": 35, "num_statements": 35, "percent_covered": 100.0, "percent_covered_display": "100", "missing_lines": 0, "excluded_lines": 0}, "missing_lines": [], "excluded_lines": []}}, "classes": {"LibraryNotFoundError": {"executed_lines": [], "summary": {"covered_lines": 0, "num_statements": 0, "percent_covered": 100.0, "percent_covered_display": "100", "missing_lines": 0, "excluded_lines": 0}, "missing_lines": [], "excluded_lines": []}, "DocumentNotFoundError": {"executed_lines": [], "summary": {"covered_lines": 0, "num_statements": 0, "percent_covered": 100.0, "percent_covered_display": "100", "missing_lines": 0, "excluded_lines": 0}, "missing_lines": [], "excluded_lines": []}, "ChunkNotFoundError": {"executed_lines": [], "summary": {"covered_lines": 0, "num_statements": 0, "percent_covered": 100.0, "percent_covered_display": "100", "missing_lines": 0, "excluded_lines": 0}, "missing_lines": [], "excluded_lines": []}, "DimensionMismatchError": {"executed_lines": [], "summary": {"covered_lines": 0, "num_statements": 0, "percent_covered": 100.0, "percent_covered_display": "100", "missing_lines": 0, "excluded_lines": 0}, "missing_lines": [], "excluded_lines": []}, "LibraryRepository": {"executed_lines": [70, 71, 74, 75, 76, 77, 80, 81, 84, 99, 100, 104, 105, 107, 115, 119, 124, 125, 126, 127, 130, 133, 148, 149, 150, 152, 161, 162, 174, 175, 176, 178, 181, 182, 183, 185, 186, 187, 190, 191, 192, 193, 194, 196, 213, 214, 215, 217, 220, 222, 235, 236, 237, 240, 243, 245, 246, 247, 248, 253, 256, 259, 274, 275, 276, 278, 279, 282, 283, 284, 286, 298, 299, 300, 302, 303, 304, 305, 308, 309, 310, 311, 312, 313, 315, 319, 321, 324, 327, 328, 331, 333, 358, 359, 362, 363, 364, 367, 368, 373, 376, 377, 379, 380, 384, 385, 387, 388, 389, 390, 391, 393, 408, 409, 412, 413, 414, 416, 418, 445, 447, 448], "summary": {"covered_lines": 122, "num_statements": 139, "percent_covered": 87.76978417266187, "percent_covered_display": "88", "missing_lines": 17, "excluded_lines": 0}, "missing_lines": [101, 131, 316, 360, 369, 370, 381, 410, 449, 450, 451, 452, 453, 454, 456, 460, 461], "excluded_lines": []}, "": {"executed_lines": [1, 9, 10, 11, 12, 14, 15, 16, 17, 18, 19, 20, 21, 22, 25, 26, 28, 31, 32, 34, 37, 38, 40, 43, 44, 46, 49, 50, 63, 86, 135, 154, 164, 198, 224, 261, 288, 335, 395, 429, 458], "summary": {"covered_lines": 35, "num_statements": 35, "percent_covered": 100.0, "percent_covered_display": "100", "missing_lines": 0, "excluded_lines": 0}, "missing_lines": [], "excluded_lines": []}}}}, "totals": {"covered_lines": 1404, "num_statements": 1870, "percent_covered": 75.08021390374331, "percent_covered_display": "75", "missing_lines": 466, "excluded_lines": 0}}